{"/home/travis/build/npmtest/node-npmtest-nesh/test.js":{"path":"/home/travis/build/npmtest/node-npmtest-nesh/test.js","s":{"1":2,"2":2,"3":2,"4":2,"5":2,"6":2,"7":2,"8":1,"9":2,"10":2,"11":1,"12":1,"13":1,"14":1,"15":2,"16":2,"17":2,"18":2,"19":1,"20":1,"21":2,"22":2,"23":2,"24":1,"25":1,"26":1,"27":1,"28":1,"29":1,"30":1,"31":1,"32":1,"33":1,"34":1,"35":1,"36":1,"37":1,"38":1,"39":2,"40":2,"41":1,"42":2,"43":2,"44":1,"45":2,"46":2,"47":1,"48":2,"49":2,"50":1,"51":1,"52":1,"53":1,"54":1},"b":{"1":[2,1,1,1],"2":[1,1,1,1],"3":[1,1],"4":[1,1],"5":[1,1],"6":[1,1],"7":[1,1],"8":[1,1],"9":[1,1],"10":[1,1,1],"11":[1,1],"12":[1,1],"13":[1,1],"14":[1,1],"15":[1,1],"16":[1,1],"17":[1,1]},"f":{"1":2,"2":2,"3":2,"4":2,"5":2,"6":1,"7":1,"8":1,"9":2,"10":2,"11":2,"12":2,"13":1},"fnMap":{"1":{"name":"(anonymous_1)","line":12,"loc":{"start":{"line":12,"column":1},"end":{"line":12,"column":13}}},"2":{"name":"(anonymous_2)","line":19,"loc":{"start":{"line":19,"column":5},"end":{"line":19,"column":17}}},"3":{"name":"(anonymous_3)","line":23,"loc":{"start":{"line":23,"column":24},"end":{"line":23,"column":36}}},"4":{"name":"(anonymous_4)","line":61,"loc":{"start":{"line":61,"column":5},"end":{"line":61,"column":17}}},"5":{"name":"(anonymous_5)","line":82,"loc":{"start":{"line":82,"column":5},"end":{"line":82,"column":17}}},"6":{"name":"(anonymous_6)","line":91,"loc":{"start":{"line":91,"column":77},"end":{"line":94,"column":10}}},"7":{"name":"(anonymous_7)","line":112,"loc":{"start":{"line":112,"column":83},"end":{"line":115,"column":10}},"skip":true},"8":{"name":"(anonymous_8)","line":123,"loc":{"start":{"line":123,"column":77},"end":{"line":126,"column":10}},"skip":true},"9":{"name":"(anonymous_9)","line":139,"loc":{"start":{"line":139,"column":12},"end":{"line":139,"column":40}},"skip":true},"10":{"name":"(anonymous_10)","line":147,"loc":{"start":{"line":147,"column":77},"end":{"line":150,"column":10}},"skip":true},"11":{"name":"(anonymous_11)","line":158,"loc":{"start":{"line":158,"column":83},"end":{"line":161,"column":10}},"skip":true},"12":{"name":"(anonymous_12)","line":169,"loc":{"start":{"line":169,"column":79},"end":{"line":172,"column":10}},"skip":true},"13":{"name":"(anonymous_13)","line":180,"loc":{"start":{"line":180,"column":75},"end":{"line":183,"column":10}},"skip":true}},"statementMap":{"1":{"start":{"line":12,"column":0},"end":{"line":195,"column":5}},"2":{"start":{"line":14,"column":4},"end":{"line":14,"column":14}},"3":{"start":{"line":19,"column":4},"end":{"line":56,"column":9}},"4":{"start":{"line":21,"column":8},"end":{"line":21,"column":19}},"5":{"start":{"line":23,"column":8},"end":{"line":35,"column":13}},"6":{"start":{"line":24,"column":12},"end":{"line":34,"column":13}},"7":{"start":{"line":25,"column":16},"end":{"line":28,"column":30}},"8":{"start":{"line":30,"column":16},"end":{"line":33,"column":27}},"9":{"start":{"line":37,"column":8},"end":{"line":39,"column":21}},"10":{"start":{"line":40,"column":8},"end":{"line":53,"column":9}},"11":{"start":{"line":43,"column":12},"end":{"line":46,"column":14}},"12":{"start":{"line":47,"column":12},"end":{"line":47,"column":18}},"13":{"start":{"line":50,"column":12},"end":{"line":51,"column":33}},"14":{"start":{"line":52,"column":12},"end":{"line":52,"column":18}},"15":{"start":{"line":55,"column":8},"end":{"line":55,"column":35}},"16":{"start":{"line":61,"column":4},"end":{"line":63,"column":9}},"17":{"start":{"line":62,"column":8},"end":{"line":62,"column":15}},"18":{"start":{"line":64,"column":4},"end":{"line":77,"column":5}},"19":{"start":{"line":70,"column":8},"end":{"line":70,"column":14}},"20":{"start":{"line":76,"column":8},"end":{"line":76,"column":14}},"21":{"start":{"line":82,"column":4},"end":{"line":84,"column":9}},"22":{"start":{"line":83,"column":8},"end":{"line":83,"column":15}},"23":{"start":{"line":85,"column":4},"end":{"line":194,"column":5}},"24":{"start":{"line":91,"column":8},"end":{"line":99,"column":10}},"25":{"start":{"line":98,"column":12},"end":{"line":98,"column":35}},"26":{"start":{"line":102,"column":8},"end":{"line":104,"column":63}},"27":{"start":{"line":105,"column":8},"end":{"line":105,"column":14}},"28":{"start":{"line":112,"column":8},"end":{"line":121,"column":10},"skip":true},"29":{"start":{"line":119,"column":12},"end":{"line":119,"column":55},"skip":true},"30":{"start":{"line":120,"column":12},"end":{"line":120,"column":48},"skip":true},"31":{"start":{"line":123,"column":8},"end":{"line":136,"column":10},"skip":true},"32":{"start":{"line":130,"column":12},"end":{"line":130,"column":76},"skip":true},"33":{"start":{"line":131,"column":12},"end":{"line":131,"column":73},"skip":true},"34":{"start":{"line":132,"column":12},"end":{"line":132,"column":74},"skip":true},"35":{"start":{"line":133,"column":12},"end":{"line":133,"column":79},"skip":true},"36":{"start":{"line":134,"column":12},"end":{"line":134,"column":25},"skip":true},"37":{"start":{"line":135,"column":12},"end":{"line":135,"column":45},"skip":true},"38":{"start":{"line":138,"column":8},"end":{"line":145,"column":14},"skip":true},"39":{"start":{"line":143,"column":16},"end":{"line":143,"column":29},"skip":true},"40":{"start":{"line":144,"column":16},"end":{"line":144,"column":55},"skip":true},"41":{"start":{"line":147,"column":8},"end":{"line":156,"column":10},"skip":true},"42":{"start":{"line":154,"column":12},"end":{"line":154,"column":25},"skip":true},"43":{"start":{"line":155,"column":12},"end":{"line":155,"column":45},"skip":true},"44":{"start":{"line":158,"column":8},"end":{"line":167,"column":10},"skip":true},"45":{"start":{"line":165,"column":12},"end":{"line":165,"column":25},"skip":true},"46":{"start":{"line":166,"column":12},"end":{"line":166,"column":48},"skip":true},"47":{"start":{"line":169,"column":8},"end":{"line":178,"column":10},"skip":true},"48":{"start":{"line":176,"column":12},"end":{"line":176,"column":25},"skip":true},"49":{"start":{"line":177,"column":12},"end":{"line":177,"column":46},"skip":true},"50":{"start":{"line":180,"column":8},"end":{"line":189,"column":10},"skip":true},"51":{"start":{"line":187,"column":12},"end":{"line":187,"column":94},"skip":true},"52":{"start":{"line":188,"column":12},"end":{"line":188,"column":48},"skip":true},"53":{"start":{"line":192,"column":8},"end":{"line":192,"column":35},"skip":true},"54":{"start":{"line":193,"column":8},"end":{"line":193,"column":14},"skip":true}},"branchMap":{"1":{"line":25,"type":"binary-expr","locations":[{"start":{"line":25,"column":23},"end":{"line":25,"column":62}},{"start":{"line":26,"column":20},"end":{"line":26,"column":70}},{"start":{"line":27,"column":20},"end":{"line":27,"column":71}},{"start":{"line":28,"column":20},"end":{"line":28,"column":29}}]},"2":{"line":30,"type":"binary-expr","locations":[{"start":{"line":30,"column":23},"end":{"line":30,"column":37}},{"start":{"line":31,"column":20},"end":{"line":31,"column":61}},{"start":{"line":32,"column":20},"end":{"line":32,"column":70}},{"start":{"line":33,"column":20},"end":{"line":33,"column":26}}]},"3":{"line":37,"type":"cond-expr","locations":[{"start":{"line":38,"column":14},"end":{"line":38,"column":20}},{"start":{"line":39,"column":14},"end":{"line":39,"column":20}}]},"4":{"line":40,"type":"switch","locations":[{"start":{"line":42,"column":8},"end":{"line":47,"column":18}},{"start":{"line":49,"column":8},"end":{"line":52,"column":18}}]},"5":{"line":44,"type":"binary-expr","locations":[{"start":{"line":44,"column":16},"end":{"line":44,"column":44}},{"start":{"line":44,"column":48},"end":{"line":44,"column":66}}]},"6":{"line":50,"type":"binary-expr","locations":[{"start":{"line":50,"column":21},"end":{"line":50,"column":49}},{"start":{"line":50,"column":53},"end":{"line":50,"column":72}}]},"7":{"line":64,"type":"switch","locations":[{"start":{"line":69,"column":4},"end":{"line":70,"column":14}},{"start":{"line":75,"column":4},"end":{"line":76,"column":14}}]},"8":{"line":85,"type":"switch","locations":[{"start":{"line":90,"column":4},"end":{"line":105,"column":14}},{"start":{"line":111,"column":4},"end":{"line":193,"column":14},"skip":true}]},"9":{"line":91,"type":"binary-expr","locations":[{"start":{"line":91,"column":42},"end":{"line":91,"column":73}},{"start":{"line":91,"column":77},"end":{"line":99,"column":9}}]},"10":{"line":102,"type":"binary-expr","locations":[{"start":{"line":102,"column":18},"end":{"line":102,"column":32}},{"start":{"line":103,"column":12},"end":{"line":103,"column":53}},{"start":{"line":104,"column":12},"end":{"line":104,"column":61}}]},"11":{"line":112,"type":"binary-expr","locations":[{"start":{"line":112,"column":45},"end":{"line":112,"column":79},"skip":true},{"start":{"line":112,"column":83},"end":{"line":121,"column":9},"skip":true}]},"12":{"line":123,"type":"binary-expr","locations":[{"start":{"line":123,"column":42},"end":{"line":123,"column":73},"skip":true},{"start":{"line":123,"column":77},"end":{"line":136,"column":9},"skip":true}]},"13":{"line":138,"type":"binary-expr","locations":[{"start":{"line":138,"column":48},"end":{"line":138,"column":85},"skip":true},{"start":{"line":139,"column":12},"end":{"line":145,"column":13},"skip":true}]},"14":{"line":147,"type":"binary-expr","locations":[{"start":{"line":147,"column":42},"end":{"line":147,"column":73},"skip":true},{"start":{"line":147,"column":77},"end":{"line":156,"column":9},"skip":true}]},"15":{"line":158,"type":"binary-expr","locations":[{"start":{"line":158,"column":45},"end":{"line":158,"column":79},"skip":true},{"start":{"line":158,"column":83},"end":{"line":167,"column":9},"skip":true}]},"16":{"line":169,"type":"binary-expr","locations":[{"start":{"line":169,"column":43},"end":{"line":169,"column":75},"skip":true},{"start":{"line":169,"column":79},"end":{"line":178,"column":9},"skip":true}]},"17":{"line":180,"type":"binary-expr","locations":[{"start":{"line":180,"column":41},"end":{"line":180,"column":71},"skip":true},{"start":{"line":180,"column":75},"end":{"line":189,"column":9},"skip":true}]}},"code":["/* istanbul instrument in package npmtest_nesh */","/*jslint","    bitwise: true,","    browser: true,","    maxerr: 8,","    maxlen: 96,","    node: true,","    nomen: true,","    regexp: true,","    stupid: true","*/","(function () {","    'use strict';","    var local;","","","","    // run shared js-env code - pre-init","    (function () {","        // init local","        local = {};","        // init modeJs","        local.modeJs = (function () {","            try {","                return typeof navigator.userAgent === 'string' &&","                    typeof document.querySelector('body') === 'object' &&","                    typeof XMLHttpRequest.prototype.open === 'function' &&","                    'browser';","            } catch (errorCaughtBrowser) {","                return module.exports &&","                    typeof process.versions.node === 'string' &&","                    typeof require('http').createServer === 'function' &&","                    'node';","            }","        }());","        // init global","        local.global = local.modeJs === 'browser'","            ? window","            : global;","        switch (local.modeJs) {","        // re-init local from window.local","        case 'browser':","            local = local.global.utility2.objectSetDefault(","                local.global.utility2_rollup || local.global.local,","                local.global.utility2","            );","            break;","        // re-init local from example.js","        case 'node':","            local = (local.global.utility2_rollup || require('utility2'))","                .requireReadme();","            break;","        }","        // export local","        local.global.local = local;","    }());","","","","    // run shared js-env code - function","    (function () {","        return;","    }());","    switch (local.modeJs) {","","","","    // run browser js-env code - function","    case 'browser':","        break;","","","","    // run node js-env code - function","    case 'node':","        break;","    }","","","","    // run shared js-env code - post-init","    (function () {","        return;","    }());","    switch (local.modeJs) {","","","","    // run browser js-env code - post-init","    case 'browser':","        local.testCase_browser_nullCase = local.testCase_browser_nullCase || function (","            options,","            onError","        ) {","        /*","         * this function will test browsers's null-case handling-behavior-behavior","         */","            onError(null, options);","        };","","        // run tests","        local.nop(local.modeTest &&","            document.querySelector('#testRunButton1') &&","            document.querySelector('#testRunButton1').click());","        break;","","","","    // run node js-env code - post-init","    /* istanbul ignore next */","    case 'node':","        local.testCase_buildApidoc_default = local.testCase_buildApidoc_default || function (","            options,","            onError","        ) {","        /*","         * this function will test buildApidoc's default handling-behavior-behavior","         */","            options = { modulePathList: module.paths };","            local.buildApidoc(options, onError);","        };","","        local.testCase_buildApp_default = local.testCase_buildApp_default || function (","            options,","            onError","        ) {","        /*","         * this function will test buildApp's default handling-behavior-behavior","         */","            local.testCase_buildReadme_default(options, local.onErrorThrow);","            local.testCase_buildLib_default(options, local.onErrorThrow);","            local.testCase_buildTest_default(options, local.onErrorThrow);","            local.testCase_buildCustomOrg_default(options, local.onErrorThrow);","            options = [];","            local.buildApp(options, onError);","        };","","        local.testCase_buildCustomOrg_default = local.testCase_buildCustomOrg_default ||","            function (options, onError) {","            /*","             * this function will test buildCustomOrg's default handling-behavior","             */","                options = {};","                local.buildCustomOrg(options, onError);","            };","","        local.testCase_buildLib_default = local.testCase_buildLib_default || function (","            options,","            onError","        ) {","        /*","         * this function will test buildLib's default handling-behavior","         */","            options = {};","            local.buildLib(options, onError);","        };","","        local.testCase_buildReadme_default = local.testCase_buildReadme_default || function (","            options,","            onError","        ) {","        /*","         * this function will test buildReadme's default handling-behavior-behavior","         */","            options = {};","            local.buildReadme(options, onError);","        };","","        local.testCase_buildTest_default = local.testCase_buildTest_default || function (","            options,","            onError","        ) {","        /*","         * this function will test buildTest's default handling-behavior","         */","            options = {};","            local.buildTest(options, onError);","        };","","        local.testCase_webpage_default = local.testCase_webpage_default || function (","            options,","            onError","        ) {","        /*","         * this function will test webpage's default handling-behavior","         */","            options = { modeCoverageMerge: true, url: local.serverLocalHost + '?modeTest=1' };","            local.browserTest(options, onError);","        };","","        // run test-server","        local.testRunServer(local);","        break;","    }","}());",""],"l":{"12":2,"14":2,"19":2,"21":2,"23":2,"24":2,"25":2,"30":1,"37":2,"40":2,"43":1,"47":1,"50":1,"52":1,"55":2,"61":2,"62":2,"64":2,"70":1,"76":1,"82":2,"83":2,"85":2,"91":1,"98":1,"102":1,"105":1,"112":1,"119":1,"120":1,"123":1,"130":1,"131":1,"132":1,"133":1,"134":1,"135":1,"138":1,"143":2,"144":2,"147":1,"154":2,"155":2,"158":1,"165":2,"166":2,"169":1,"176":2,"177":2,"180":1,"187":1,"188":1,"192":1,"193":1}},"/home/travis/build/npmtest/node-npmtest-nesh/lib.npmtest_nesh.js":{"path":"/home/travis/build/npmtest/node-npmtest-nesh/lib.npmtest_nesh.js","s":{"1":2,"2":2,"3":2,"4":2,"5":2,"6":2,"7":2,"8":1,"9":2,"10":2,"11":2,"12":2,"13":1,"14":1,"15":1,"16":1},"b":{"1":[2,1,1,1],"2":[1,1,1,1],"3":[1,1],"4":[2,2],"5":[1,1]},"f":{"1":2,"2":2,"3":2},"fnMap":{"1":{"name":"(anonymous_1)","line":12,"loc":{"start":{"line":12,"column":1},"end":{"line":12,"column":13}}},"2":{"name":"(anonymous_2)","line":19,"loc":{"start":{"line":19,"column":5},"end":{"line":19,"column":17}}},"3":{"name":"(anonymous_3)","line":23,"loc":{"start":{"line":23,"column":24},"end":{"line":23,"column":36}}}},"statementMap":{"1":{"start":{"line":12,"column":0},"end":{"line":53,"column":5}},"2":{"start":{"line":14,"column":4},"end":{"line":14,"column":14}},"3":{"start":{"line":19,"column":4},"end":{"line":52,"column":9}},"4":{"start":{"line":21,"column":8},"end":{"line":21,"column":19}},"5":{"start":{"line":23,"column":8},"end":{"line":35,"column":13}},"6":{"start":{"line":24,"column":12},"end":{"line":34,"column":13}},"7":{"start":{"line":25,"column":16},"end":{"line":28,"column":30}},"8":{"start":{"line":30,"column":16},"end":{"line":33,"column":27}},"9":{"start":{"line":37,"column":8},"end":{"line":39,"column":21}},"10":{"start":{"line":41,"column":8},"end":{"line":41,"column":54}},"11":{"start":{"line":43,"column":8},"end":{"line":43,"column":49}},"12":{"start":{"line":45,"column":8},"end":{"line":51,"column":9}},"13":{"start":{"line":46,"column":12},"end":{"line":46,"column":55}},"14":{"start":{"line":48,"column":12},"end":{"line":48,"column":35}},"15":{"start":{"line":49,"column":12},"end":{"line":49,"column":49}},"16":{"start":{"line":50,"column":12},"end":{"line":50,"column":43}}},"branchMap":{"1":{"line":25,"type":"binary-expr","locations":[{"start":{"line":25,"column":23},"end":{"line":25,"column":62}},{"start":{"line":26,"column":20},"end":{"line":26,"column":70}},{"start":{"line":27,"column":20},"end":{"line":27,"column":71}},{"start":{"line":28,"column":20},"end":{"line":28,"column":29}}]},"2":{"line":30,"type":"binary-expr","locations":[{"start":{"line":30,"column":23},"end":{"line":30,"column":37}},{"start":{"line":31,"column":20},"end":{"line":31,"column":61}},{"start":{"line":32,"column":20},"end":{"line":32,"column":70}},{"start":{"line":33,"column":20},"end":{"line":33,"column":26}}]},"3":{"line":37,"type":"cond-expr","locations":[{"start":{"line":38,"column":14},"end":{"line":38,"column":20}},{"start":{"line":39,"column":14},"end":{"line":39,"column":20}}]},"4":{"line":41,"type":"binary-expr","locations":[{"start":{"line":41,"column":16},"end":{"line":41,"column":44}},{"start":{"line":41,"column":48},"end":{"line":41,"column":53}}]},"5":{"line":45,"type":"if","locations":[{"start":{"line":45,"column":8},"end":{"line":45,"column":8}},{"start":{"line":45,"column":8},"end":{"line":45,"column":8}}]}},"code":["/* istanbul instrument in package npmtest_nesh */","/*jslint","    bitwise: true,","    browser: true,","    maxerr: 8,","    maxlen: 96,","    node: true,","    nomen: true,","    regexp: true,","    stupid: true","*/","(function () {","    'use strict';","    var local;","","","","    // run shared js-env code - pre-init","    (function () {","        // init local","        local = {};","        // init modeJs","        local.modeJs = (function () {","            try {","                return typeof navigator.userAgent === 'string' &&","                    typeof document.querySelector('body') === 'object' &&","                    typeof XMLHttpRequest.prototype.open === 'function' &&","                    'browser';","            } catch (errorCaughtBrowser) {","                return module.exports &&","                    typeof process.versions.node === 'string' &&","                    typeof require('http').createServer === 'function' &&","                    'node';","            }","        }());","        // init global","        local.global = local.modeJs === 'browser'","            ? window","            : global;","        // init utility2_rollup","        local = local.global.utility2_rollup || local;","        // init lib","        local.local = local.npmtest_nesh = local;","        // init exports","        if (local.modeJs === 'browser') {","            local.global.utility2_npmtest_nesh = local;","        } else {","            module.exports = local;","            module.exports.__dirname = __dirname;","            module.exports.module = module;","        }","    }());","}());",""],"l":{"12":2,"14":2,"19":2,"21":2,"23":2,"24":2,"25":2,"30":1,"37":2,"41":2,"43":2,"45":2,"46":1,"48":1,"49":1,"50":1}},"/home/travis/build/npmtest/node-npmtest-nesh/example.js":{"path":"/home/travis/build/npmtest/node-npmtest-nesh/example.js","s":{"1":2,"2":2,"3":2,"4":2,"5":2,"6":2,"7":2,"8":1,"9":2,"10":2,"11":2,"12":2,"13":1,"14":2,"15":2,"16":2,"17":2,"18":2,"19":0,"20":2,"21":1,"22":1,"23":1,"24":1,"25":1,"26":0,"27":0,"28":1,"29":1,"30":2,"31":0,"32":0,"33":0,"34":1,"35":2,"36":2,"37":3,"38":3,"39":3,"40":3,"41":0,"42":3,"43":3,"44":3,"45":1,"46":3,"47":1,"48":1,"49":1,"50":1,"51":1,"52":1,"53":1,"54":1,"55":1,"56":1,"57":0,"58":1,"59":6,"60":6,"61":1,"62":2,"63":0,"64":2,"65":1,"66":1,"67":0,"68":0,"69":0,"70":0,"71":0,"72":0,"73":0,"74":0,"75":0,"76":0,"77":0,"78":0,"79":0,"80":0,"81":0,"82":0,"83":0},"b":{"1":[2,1,1,1],"2":[1,1,1,1],"3":[1,1],"4":[2,2],"5":[1,1],"6":[1,1],"7":[2,0],"8":[2,1,1,1,1,1],"9":[0,2,0],"10":[1,1],"11":[2,1,1],"12":[1,0],"13":[0,2],"14":[2,0,0,0,0,0,0],"15":[0,3],"16":[3,0],"17":[1,1],"18":[0,1],"19":[1,2,0,2],"20":[1,0],"21":[1,1],"22":[0,0],"23":[0,0],"24":[0,0],"25":[0,0],"26":[0,0],"27":[0,0],"28":[0,0]},"f":{"1":2,"2":2,"3":2,"4":2,"5":2,"6":2,"7":3,"8":3,"9":3,"10":1,"11":6,"12":0},"fnMap":{"1":{"name":"(anonymous_1)","line":26,"loc":{"start":{"line":26,"column":1},"end":{"line":26,"column":13}}},"2":{"name":"(anonymous_2)","line":33,"loc":{"start":{"line":33,"column":5},"end":{"line":33,"column":17}}},"3":{"name":"(anonymous_3)","line":37,"loc":{"start":{"line":37,"column":24},"end":{"line":37,"column":36}}},"4":{"name":"(anonymous_4)","line":69,"loc":{"start":{"line":69,"column":31},"end":{"line":69,"column":48}},"skip":true},"5":{"name":"(anonymous_5)","line":78,"loc":{"start":{"line":78,"column":26},"end":{"line":78,"column":45}},"skip":true},"6":{"name":"(anonymous_6)","line":123,"loc":{"start":{"line":123,"column":33},"end":{"line":123,"column":48}},"skip":true},"7":{"name":"(anonymous_7)","line":125,"loc":{"start":{"line":125,"column":27},"end":{"line":125,"column":39}},"skip":true},"8":{"name":"(anonymous_8)","line":133,"loc":{"start":{"line":133,"column":59},"end":{"line":133,"column":74}},"skip":true},"9":{"name":"(anonymous_9)","line":143,"loc":{"start":{"line":143,"column":45},"end":{"line":143,"column":62}},"skip":true},"10":{"name":"(anonymous_10)","line":144,"loc":{"start":{"line":144,"column":73},"end":{"line":144,"column":92}},"skip":true},"11":{"name":"(anonymous_11)","line":272,"loc":{"start":{"line":272,"column":51},"end":{"line":272,"column":77}},"skip":true},"12":{"name":"(anonymous_12)","line":315,"loc":{"start":{"line":315,"column":32},"end":{"line":315,"column":61}},"skip":true}},"statementMap":{"1":{"start":{"line":26,"column":0},"end":{"line":326,"column":5}},"2":{"start":{"line":28,"column":4},"end":{"line":28,"column":14}},"3":{"start":{"line":33,"column":4},"end":{"line":60,"column":9}},"4":{"start":{"line":35,"column":8},"end":{"line":35,"column":19}},"5":{"start":{"line":37,"column":8},"end":{"line":49,"column":13}},"6":{"start":{"line":38,"column":12},"end":{"line":48,"column":13}},"7":{"start":{"line":39,"column":16},"end":{"line":42,"column":30}},"8":{"start":{"line":44,"column":16},"end":{"line":47,"column":27}},"9":{"start":{"line":51,"column":8},"end":{"line":53,"column":21}},"10":{"start":{"line":55,"column":8},"end":{"line":57,"column":45}},"11":{"start":{"line":59,"column":8},"end":{"line":59,"column":35}},"12":{"start":{"line":61,"column":4},"end":{"line":325,"column":5}},"13":{"start":{"line":69,"column":8},"end":{"line":121,"column":10},"skip":true},"14":{"start":{"line":70,"column":12},"end":{"line":88,"column":13},"skip":true},"15":{"start":{"line":76,"column":16},"end":{"line":87,"column":19},"skip":true},"16":{"start":{"line":79,"column":20},"end":{"line":86,"column":21},"skip":true},"17":{"start":{"line":82,"column":24},"end":{"line":82,"column":43},"skip":true},"18":{"start":{"line":83,"column":24},"end":{"line":83,"column":30},"skip":true},"19":{"start":{"line":85,"column":24},"end":{"line":85,"column":49},"skip":true},"20":{"start":{"line":89,"column":12},"end":{"line":107,"column":13},"skip":true},"21":{"start":{"line":92,"column":16},"end":{"line":102,"column":17},"skip":true},"22":{"start":{"line":93,"column":20},"end":{"line":93,"column":86},"skip":true},"23":{"start":{"line":94,"column":20},"end":{"line":95,"column":45},"skip":true},"24":{"start":{"line":96,"column":20},"end":{"line":96,"column":42},"skip":true},"25":{"start":{"line":97,"column":20},"end":{"line":97,"column":48},"skip":true},"26":{"start":{"line":100,"column":20},"end":{"line":100,"column":85},"skip":true},"27":{"start":{"line":101,"column":20},"end":{"line":101,"column":96},"skip":true},"28":{"start":{"line":103,"column":16},"end":{"line":103,"column":22},"skip":true},"29":{"start":{"line":106,"column":16},"end":{"line":106,"column":22},"skip":true},"30":{"start":{"line":108,"column":12},"end":{"line":120,"column":13},"skip":true},"31":{"start":{"line":114,"column":16},"end":{"line":119,"column":17},"skip":true},"32":{"start":{"line":116,"column":20},"end":{"line":116,"column":78},"skip":true},"33":{"start":{"line":118,"column":20},"end":{"line":118,"column":47},"skip":true},"34":{"start":{"line":123,"column":8},"end":{"line":141,"column":11},"skip":true},"35":{"start":{"line":124,"column":12},"end":{"line":124,"column":54},"skip":true},"36":{"start":{"line":125,"column":12},"end":{"line":140,"column":14},"skip":true},"37":{"start":{"line":126,"column":16},"end":{"line":126,"column":28},"skip":true},"38":{"start":{"line":127,"column":16},"end":{"line":127,"column":69},"skip":true},"39":{"start":{"line":128,"column":16},"end":{"line":128,"column":75},"skip":true},"40":{"start":{"line":129,"column":16},"end":{"line":131,"column":17},"skip":true},"41":{"start":{"line":130,"column":20},"end":{"line":130,"column":27},"skip":true},"42":{"start":{"line":133,"column":16},"end":{"line":137,"column":36},"skip":true},"43":{"start":{"line":134,"column":20},"end":{"line":136,"column":55},"skip":true},"44":{"start":{"line":139,"column":16},"end":{"line":139,"column":57},"skip":true},"45":{"start":{"line":143,"column":8},"end":{"line":147,"column":11},"skip":true},"46":{"start":{"line":144,"column":12},"end":{"line":146,"column":15},"skip":true},"47":{"start":{"line":145,"column":16},"end":{"line":145,"column":70},"skip":true},"48":{"start":{"line":149,"column":8},"end":{"line":149,"column":31},"skip":true},"49":{"start":{"line":150,"column":8},"end":{"line":150,"column":14},"skip":true},"50":{"start":{"line":158,"column":8},"end":{"line":158,"column":31},"skip":true},"51":{"start":{"line":160,"column":8},"end":{"line":160,"column":33},"skip":true},"52":{"start":{"line":161,"column":8},"end":{"line":161,"column":37},"skip":true},"53":{"start":{"line":162,"column":8},"end":{"line":162,"column":35},"skip":true},"54":{"start":{"line":164,"column":8},"end":{"line":164,"column":50},"skip":true},"55":{"start":{"line":166,"column":8},"end":{"line":256,"column":2},"skip":true},"56":{"start":{"line":258,"column":8},"end":{"line":286,"column":9},"skip":true},"57":{"start":{"line":259,"column":12},"end":{"line":269,"column":14},"skip":true},"58":{"start":{"line":271,"column":12},"end":{"line":285,"column":19},"skip":true},"59":{"start":{"line":274,"column":20},"end":{"line":274,"column":35},"skip":true},"60":{"start":{"line":275,"column":20},"end":{"line":284,"column":21},"skip":true},"61":{"start":{"line":277,"column":24},"end":{"line":277,"column":64},"skip":true},"62":{"start":{"line":279,"column":24},"end":{"line":279,"column":40},"skip":true},"63":{"start":{"line":281,"column":24},"end":{"line":281,"column":40},"skip":true},"64":{"start":{"line":283,"column":24},"end":{"line":283,"column":39},"skip":true},"65":{"start":{"line":288,"column":8},"end":{"line":290,"column":9},"skip":true},"66":{"start":{"line":289,"column":12},"end":{"line":289,"column":18},"skip":true},"67":{"start":{"line":291,"column":8},"end":{"line":293,"column":54},"skip":true},"68":{"start":{"line":296,"column":8},"end":{"line":301,"column":37},"skip":true},"69":{"start":{"line":303,"column":8},"end":{"line":303,"column":82},"skip":true},"70":{"start":{"line":306,"column":8},"end":{"line":308,"column":9},"skip":true},"71":{"start":{"line":307,"column":12},"end":{"line":307,"column":82},"skip":true},"72":{"start":{"line":310,"column":8},"end":{"line":312,"column":9},"skip":true},"73":{"start":{"line":311,"column":12},"end":{"line":311,"column":18},"skip":true},"74":{"start":{"line":313,"column":8},"end":{"line":313,"column":54},"skip":true},"75":{"start":{"line":314,"column":8},"end":{"line":314,"column":69},"skip":true},"76":{"start":{"line":315,"column":8},"end":{"line":323,"column":36},"skip":true},"77":{"start":{"line":316,"column":12},"end":{"line":316,"column":61},"skip":true},"78":{"start":{"line":317,"column":12},"end":{"line":320,"column":13},"skip":true},"79":{"start":{"line":318,"column":16},"end":{"line":318,"column":75},"skip":true},"80":{"start":{"line":319,"column":16},"end":{"line":319,"column":23},"skip":true},"81":{"start":{"line":321,"column":12},"end":{"line":321,"column":38},"skip":true},"82":{"start":{"line":322,"column":12},"end":{"line":322,"column":27},"skip":true},"83":{"start":{"line":324,"column":8},"end":{"line":324,"column":14},"skip":true}},"branchMap":{"1":{"line":39,"type":"binary-expr","locations":[{"start":{"line":39,"column":23},"end":{"line":39,"column":62}},{"start":{"line":40,"column":20},"end":{"line":40,"column":70}},{"start":{"line":41,"column":20},"end":{"line":41,"column":71}},{"start":{"line":42,"column":20},"end":{"line":42,"column":29}}]},"2":{"line":44,"type":"binary-expr","locations":[{"start":{"line":44,"column":23},"end":{"line":44,"column":37}},{"start":{"line":45,"column":20},"end":{"line":45,"column":61}},{"start":{"line":46,"column":20},"end":{"line":46,"column":70}},{"start":{"line":47,"column":20},"end":{"line":47,"column":26}}]},"3":{"line":51,"type":"cond-expr","locations":[{"start":{"line":52,"column":14},"end":{"line":52,"column":20}},{"start":{"line":53,"column":14},"end":{"line":53,"column":20}}]},"4":{"line":55,"type":"binary-expr","locations":[{"start":{"line":55,"column":16},"end":{"line":55,"column":44}},{"start":{"line":55,"column":49},"end":{"line":57,"column":43}}]},"5":{"line":55,"type":"cond-expr","locations":[{"start":{"line":56,"column":14},"end":{"line":56,"column":48}},{"start":{"line":57,"column":14},"end":{"line":57,"column":43}}]},"6":{"line":61,"type":"switch","locations":[{"start":{"line":68,"column":4},"end":{"line":150,"column":14},"skip":true},{"start":{"line":156,"column":4},"end":{"line":324,"column":14},"skip":true}]},"7":{"line":70,"type":"if","locations":[{"start":{"line":70,"column":12},"end":{"line":70,"column":12},"skip":true},{"start":{"line":70,"column":12},"end":{"line":70,"column":12},"skip":true}]},"8":{"line":70,"type":"binary-expr","locations":[{"start":{"line":70,"column":16},"end":{"line":70,"column":22},"skip":true},{"start":{"line":70,"column":27},"end":{"line":70,"column":32},"skip":true},{"start":{"line":71,"column":20},"end":{"line":71,"column":39},"skip":true},{"start":{"line":72,"column":20},"end":{"line":72,"column":49},"skip":true},{"start":{"line":73,"column":20},"end":{"line":73,"column":58},"skip":true},{"start":{"line":74,"column":20},"end":{"line":74,"column":69},"skip":true}]},"9":{"line":79,"type":"switch","locations":[{"start":{"line":80,"column":20},"end":{"line":80,"column":33},"skip":true},{"start":{"line":81,"column":20},"end":{"line":83,"column":30},"skip":true},{"start":{"line":84,"column":20},"end":{"line":85,"column":49},"skip":true}]},"10":{"line":89,"type":"switch","locations":[{"start":{"line":90,"column":12},"end":{"line":103,"column":22},"skip":true},{"start":{"line":105,"column":12},"end":{"line":106,"column":22},"skip":true}]},"11":{"line":89,"type":"binary-expr","locations":[{"start":{"line":89,"column":20},"end":{"line":89,"column":25},"skip":true},{"start":{"line":89,"column":29},"end":{"line":89,"column":48},"skip":true},{"start":{"line":89,"column":52},"end":{"line":89,"column":74},"skip":true}]},"12":{"line":92,"type":"if","locations":[{"start":{"line":92,"column":16},"end":{"line":92,"column":16},"skip":true},{"start":{"line":92,"column":16},"end":{"line":92,"column":16},"skip":true}]},"13":{"line":108,"type":"if","locations":[{"start":{"line":108,"column":12},"end":{"line":108,"column":12},"skip":true},{"start":{"line":108,"column":12},"end":{"line":108,"column":12},"skip":true}]},"14":{"line":108,"type":"binary-expr","locations":[{"start":{"line":108,"column":16},"end":{"line":108,"column":61},"skip":true},{"start":{"line":108,"column":66},"end":{"line":108,"column":72},"skip":true},{"start":{"line":108,"column":77},"end":{"line":108,"column":82},"skip":true},{"start":{"line":109,"column":20},"end":{"line":109,"column":39},"skip":true},{"start":{"line":110,"column":20},"end":{"line":110,"column":49},"skip":true},{"start":{"line":111,"column":20},"end":{"line":111,"column":58},"skip":true},{"start":{"line":112,"column":20},"end":{"line":112,"column":68},"skip":true}]},"15":{"line":129,"type":"if","locations":[{"start":{"line":129,"column":16},"end":{"line":129,"column":16},"skip":true},{"start":{"line":129,"column":16},"end":{"line":129,"column":16},"skip":true}]},"16":{"line":134,"type":"cond-expr","locations":[{"start":{"line":135,"column":26},"end":{"line":135,"column":29},"skip":true},{"start":{"line":136,"column":26},"end":{"line":136,"column":54},"skip":true}]},"17":{"line":164,"type":"binary-expr","locations":[{"start":{"line":164,"column":27},"end":{"line":164,"column":43},"skip":true},{"start":{"line":164,"column":47},"end":{"line":164,"column":49},"skip":true}]},"18":{"line":258,"type":"if","locations":[{"start":{"line":258,"column":8},"end":{"line":258,"column":8},"skip":true},{"start":{"line":258,"column":8},"end":{"line":258,"column":8},"skip":true}]},"19":{"line":275,"type":"switch","locations":[{"start":{"line":276,"column":20},"end":{"line":277,"column":64},"skip":true},{"start":{"line":278,"column":20},"end":{"line":279,"column":40},"skip":true},{"start":{"line":280,"column":20},"end":{"line":281,"column":40},"skip":true},{"start":{"line":282,"column":20},"end":{"line":283,"column":39},"skip":true}]},"20":{"line":288,"type":"if","locations":[{"start":{"line":288,"column":8},"end":{"line":288,"column":8},"skip":true},{"start":{"line":288,"column":8},"end":{"line":288,"column":8},"skip":true}]},"21":{"line":288,"type":"binary-expr","locations":[{"start":{"line":288,"column":12},"end":{"line":288,"column":40},"skip":true},{"start":{"line":288,"column":44},"end":{"line":288,"column":67},"skip":true}]},"22":{"line":292,"type":"binary-expr","locations":[{"start":{"line":292,"column":12},"end":{"line":292,"column":50},"skip":true},{"start":{"line":293,"column":12},"end":{"line":293,"column":53},"skip":true}]},"23":{"line":297,"type":"binary-expr","locations":[{"start":{"line":297,"column":12},"end":{"line":297,"column":62},"skip":true},{"start":{"line":298,"column":12},"end":{"line":301,"column":36},"skip":true}]},"24":{"line":303,"type":"binary-expr","locations":[{"start":{"line":303,"column":43},"end":{"line":303,"column":75},"skip":true},{"start":{"line":303,"column":79},"end":{"line":303,"column":81},"skip":true}]},"25":{"line":306,"type":"if","locations":[{"start":{"line":306,"column":8},"end":{"line":306,"column":8},"skip":true},{"start":{"line":306,"column":8},"end":{"line":306,"column":8},"skip":true}]},"26":{"line":310,"type":"if","locations":[{"start":{"line":310,"column":8},"end":{"line":310,"column":8},"skip":true},{"start":{"line":310,"column":8},"end":{"line":310,"column":8},"skip":true}]},"27":{"line":313,"type":"binary-expr","locations":[{"start":{"line":313,"column":27},"end":{"line":313,"column":43},"skip":true},{"start":{"line":313,"column":47},"end":{"line":313,"column":53},"skip":true}]},"28":{"line":317,"type":"if","locations":[{"start":{"line":317,"column":12},"end":{"line":317,"column":12},"skip":true},{"start":{"line":317,"column":12},"end":{"line":317,"column":12},"skip":true}]}},"code":["/*","example.js","","quickstart example","","instruction","    1. save this script as example.js","    2. run the shell command:","        $ npm install npmtest-nesh && PORT=8081 node example.js","    3. play with the browser-demo on http://127.0.0.1:8081","*/","","","","/* istanbul instrument in package npmtest_nesh */","/*jslint","    bitwise: true,","    browser: true,","    maxerr: 8,","    maxlen: 96,","    node: true,","    nomen: true,","    regexp: true,","    stupid: true","*/","(function () {","    'use strict';","    var local;","","","","    // run shared js-env code - pre-init","    (function () {","        // init local","        local = {};","        // init modeJs","        local.modeJs = (function () {","            try {","                return typeof navigator.userAgent === 'string' &&","                    typeof document.querySelector('body') === 'object' &&","                    typeof XMLHttpRequest.prototype.open === 'function' &&","                    'browser';","            } catch (errorCaughtBrowser) {","                return module.exports &&","                    typeof process.versions.node === 'string' &&","                    typeof require('http').createServer === 'function' &&","                    'node';","            }","        }());","        // init global","        local.global = local.modeJs === 'browser'","            ? window","            : global;","        // init utility2_rollup","        local = local.global.utility2_rollup || (local.modeJs === 'browser'","            ? local.global.utility2_npmtest_nesh","            : global.utility2_moduleExports);","        // export local","        local.global.local = local;","    }());","    switch (local.modeJs) {","","","","    // post-init","    // run browser js-env code - post-init","    /* istanbul ignore next */","    case 'browser':","        local.testRunBrowser = function (event) {","            if (!event || (event &&","                    event.currentTarget &&","                    event.currentTarget.className &&","                    event.currentTarget.className.includes &&","                    event.currentTarget.className.includes('onreset'))) {","                // reset output","                Array.from(","                    document.querySelectorAll('body > .resettable')","                ).forEach(function (element) {","                    switch (element.tagName) {","                    case 'INPUT':","                    case 'TEXTAREA':","                        element.value = '';","                        break;","                    default:","                        element.textContent = '';","                    }","                });","            }","            switch (event && event.currentTarget && event.currentTarget.id) {","            case 'testRunButton1':","                // show tests","                if (document.querySelector('#testReportDiv1').style.display === 'none') {","                    document.querySelector('#testReportDiv1').style.display = 'block';","                    document.querySelector('#testRunButton1').textContent =","                        'hide internal test';","                    local.modeTest = true;","                    local.testRunDefault(local);","                // hide tests","                } else {","                    document.querySelector('#testReportDiv1').style.display = 'none';","                    document.querySelector('#testRunButton1').textContent = 'run internal test';","                }","                break;","            // custom-case","            default:","                break;","            }","            if (document.querySelector('#inputTextareaEval1') && (!event || (event &&","                    event.currentTarget &&","                    event.currentTarget.className &&","                    event.currentTarget.className.includes &&","                    event.currentTarget.className.includes('oneval')))) {","                // try to eval input-code","                try {","                    /*jslint evil: true*/","                    eval(document.querySelector('#inputTextareaEval1').value);","                } catch (errorCaught) {","                    console.error(errorCaught);","                }","            }","        };","        // log stderr and stdout to #outputTextareaStdout1","        ['error', 'log'].forEach(function (key) {","            console[key + '_original'] = console[key];","            console[key] = function () {","                var element;","                console[key + '_original'].apply(console, arguments);","                element = document.querySelector('#outputTextareaStdout1');","                if (!element) {","                    return;","                }","                // append text to #outputTextareaStdout1","                element.value += Array.from(arguments).map(function (arg) {","                    return typeof arg === 'string'","                        ? arg","                        : JSON.stringify(arg, null, 4);","                }).join(' ') + '\\n';","                // scroll textarea to bottom","                element.scrollTop = element.scrollHeight;","            };","        });","        // init event-handling","        ['change', 'click', 'keyup'].forEach(function (event) {","            Array.from(document.querySelectorAll('.on' + event)).forEach(function (element) {","                element.addEventListener(event, local.testRunBrowser);","            });","        });","        // run tests","        local.testRunBrowser();","        break;","","","","    // run node js-env code - post-init","    /* istanbul ignore next */","    case 'node':","        // export local","        module.exports = local;","        // require modules","        local.fs = require('fs');","        local.http = require('http');","        local.url = require('url');","        // init assets","        local.assetsDict = local.assetsDict || {};","        /* jslint-ignore-begin */","        local.assetsDict['/assets.index.template.html'] = '\\","<!doctype html>\\n\\","<html lang=\"en\">\\n\\","<head>\\n\\","<meta charset=\"UTF-8\">\\n\\","<meta name=\"viewport\" content=\"width=device-width, initial-scale=1\">\\n\\","<title>{{env.npm_package_name}} (v{{env.npm_package_version}})</title>\\n\\","<style>\\n\\","/*csslint\\n\\","    box-sizing: false,\\n\\","    universal-selector: false\\n\\","*/\\n\\","* {\\n\\","    box-sizing: border-box;\\n\\","}\\n\\","body {\\n\\","    background: #dde;\\n\\","    font-family: Arial, Helvetica, sans-serif;\\n\\","    margin: 2rem;\\n\\","}\\n\\","body > * {\\n\\","    margin-bottom: 1rem;\\n\\","}\\n\\",".utility2FooterDiv {\\n\\","    margin-top: 20px;\\n\\","    text-align: center;\\n\\","}\\n\\","</style>\\n\\","<style>\\n\\","/*csslint\\n\\","*/\\n\\","textarea {\\n\\","    font-family: monospace;\\n\\","    height: 10rem;\\n\\","    width: 100%;\\n\\","}\\n\\","textarea[readonly] {\\n\\","    background: #ddd;\\n\\","}\\n\\","</style>\\n\\","</head>\\n\\","<body>\\n\\","<!-- utility2-comment\\n\\","<div id=\"ajaxProgressDiv1\" style=\"background: #d00; height: 2px; left: 0; margin: 0; padding: 0; position: fixed; top: 0; transition: background 0.5s, width 1.5s; width: 25%;\"></div>\\n\\","utility2-comment -->\\n\\","<h1>\\n\\","<!-- utility2-comment\\n\\","    <a\\n\\","        {{#if env.npm_package_homepage}}\\n\\","        href=\"{{env.npm_package_homepage}}\"\\n\\","        {{/if env.npm_package_homepage}}\\n\\","        target=\"_blank\"\\n\\","    >\\n\\","utility2-comment -->\\n\\","        {{env.npm_package_name}} (v{{env.npm_package_version}})\\n\\","<!-- utility2-comment\\n\\","    </a>\\n\\","utility2-comment -->\\n\\","</h1>\\n\\","<h3>{{env.npm_package_description}}</h3>\\n\\","<!-- utility2-comment\\n\\","<h4><a download href=\"assets.app.js\">download standalone app</a></h4>\\n\\","<button class=\"onclick onreset\" id=\"testRunButton1\">run internal test</button><br>\\n\\","<div id=\"testReportDiv1\" style=\"display: none;\"></div>\\n\\","utility2-comment -->\\n\\","\\n\\","\\n\\","\\n\\","<label>stderr and stdout</label>\\n\\","<textarea class=\"resettable\" id=\"outputTextareaStdout1\" readonly></textarea>\\n\\","<!-- utility2-comment\\n\\","{{#if isRollup}}\\n\\","<script src=\"assets.app.js\"></script>\\n\\","{{#unless isRollup}}\\n\\","utility2-comment -->\\n\\","<script src=\"assets.utility2.rollup.js\"></script>\\n\\","<script src=\"jsonp.utility2._stateInit?callback=window.utility2._stateInit\"></script>\\n\\","<script src=\"assets.npmtest_nesh.rollup.js\"></script>\\n\\","<script src=\"assets.example.js\"></script>\\n\\","<script src=\"assets.test.js\"></script>\\n\\","<!-- utility2-comment\\n\\","{{/if isRollup}}\\n\\","utility2-comment -->\\n\\","<div class=\"utility2FooterDiv\">\\n\\","    [ this app was created with\\n\\","    <a href=\"https://github.com/kaizhu256/node-utility2\" target=\"_blank\">utility2</a>\\n\\","    ]\\n\\","</div>\\n\\","</body>\\n\\","</html>\\n\\","';","        /* jslint-ignore-end */","        if (local.templateRender) {","            local.assetsDict['/'] = local.templateRender(","                local.assetsDict['/assets.index.template.html'],","                {","                    env: local.objectSetDefault(local.env, {","                        npm_package_description: 'the greatest app in the world!',","                        npm_package_name: 'my-app',","                        npm_package_nameAlias: 'my_app',","                        npm_package_version: '0.0.1'","                    })","                }","            );","        } else {","            local.assetsDict['/'] = local.assetsDict['/assets.index.template.html']","                .replace((/\\{\\{env\\.(\\w+?)\\}\\}/g), function (match0, match1) {","                    // jslint-hack","                    String(match0);","                    switch (match1) {","                    case 'npm_package_description':","                        return 'the greatest app in the world!';","                    case 'npm_package_name':","                        return 'my-app';","                    case 'npm_package_nameAlias':","                        return 'my_app';","                    case 'npm_package_version':","                        return '0.0.1';","                    }","                });","        }","        // run the cli","        if (local.global.utility2_rollup || module !== require.main) {","            break;","        }","        local.assetsDict['/assets.example.js'] =","            local.assetsDict['/assets.example.js'] ||","            local.fs.readFileSync(__filename, 'utf8');","        // bug-workaround - long $npm_package_buildCustomOrg","        /* jslint-ignore-begin */","        local.assetsDict['/assets.npmtest_nesh.rollup.js'] =","            local.assetsDict['/assets.npmtest_nesh.rollup.js'] ||","            local.fs.readFileSync(","                local.npmtest_nesh.__dirname + '/lib.npmtest_nesh.js',","                'utf8'","            ).replace((/^#!/), '//');","        /* jslint-ignore-end */","        local.assetsDict['/favicon.ico'] = local.assetsDict['/favicon.ico'] || '';","        // if $npm_config_timeout_exit exists,","        // then exit this process after $npm_config_timeout_exit ms","        if (Number(process.env.npm_config_timeout_exit)) {","            setTimeout(process.exit, Number(process.env.npm_config_timeout_exit));","        }","        // start server","        if (local.global.utility2_serverHttp1) {","            break;","        }","        process.env.PORT = process.env.PORT || '8081';","        console.error('server starting on port ' + process.env.PORT);","        local.http.createServer(function (request, response) {","            request.urlParsed = local.url.parse(request.url);","            if (local.assetsDict[request.urlParsed.pathname] !== undefined) {","                response.end(local.assetsDict[request.urlParsed.pathname]);","                return;","            }","            response.statusCode = 404;","            response.end();","        }).listen(process.env.PORT);","        break;","    }","}());",""],"l":{"26":2,"28":2,"33":2,"35":2,"37":2,"38":2,"39":2,"44":1,"51":2,"55":2,"59":2,"61":2,"69":1,"70":2,"76":2,"79":2,"82":2,"83":2,"85":1,"89":2,"92":1,"93":1,"94":1,"96":1,"97":1,"100":1,"101":1,"103":1,"106":1,"108":2,"114":1,"116":1,"118":1,"123":1,"124":2,"125":2,"126":3,"127":3,"128":3,"129":3,"130":1,"133":3,"134":3,"139":3,"143":1,"144":3,"145":1,"149":1,"150":1,"158":1,"160":1,"161":1,"162":1,"164":1,"166":1,"258":1,"259":1,"271":1,"274":6,"275":6,"277":1,"279":2,"281":1,"283":2,"288":1,"289":1,"291":1,"296":1,"303":1,"306":1,"307":1,"310":1,"311":1,"313":1,"314":1,"315":1,"316":1,"317":1,"318":1,"319":1,"321":1,"322":1,"324":1}},"/home/travis/build/npmtest/node-npmtest-nesh/node_modules/nesh/lib/nesh.js":{"path":"/home/travis/build/npmtest/node-npmtest-nesh/node_modules/nesh/lib/nesh.js","s":{"1":1,"2":1,"3":1,"4":1,"5":1,"6":1,"7":2,"8":2,"9":0,"10":2,"11":18,"12":2,"13":16,"14":7,"15":7,"16":0,"17":0,"18":0,"19":0,"20":7,"21":0,"22":7,"23":9,"24":2,"25":1,"26":11,"27":11,"28":1,"29":10,"30":10,"31":0,"32":0,"33":10,"34":1,"35":1,"36":1,"37":0,"38":1,"39":1,"40":6,"41":0,"42":6,"43":6,"44":6,"45":1,"46":1,"47":1,"48":0,"49":1,"50":1,"51":1,"52":1,"53":0,"54":1,"55":1,"56":1,"57":1,"58":1,"59":1,"60":1,"61":1,"62":1,"63":1,"64":0,"65":0,"66":0,"67":1,"68":0,"69":0,"70":0,"71":0,"72":1,"73":8,"74":8,"75":8,"76":8,"77":8,"78":0,"79":0,"80":0,"81":0,"82":0,"83":0,"84":8,"85":2,"86":8,"87":2,"88":8,"89":8,"90":4,"91":4,"92":1,"93":1,"94":1,"95":0,"96":1,"97":1,"98":1,"99":1,"100":0,"101":1,"102":0,"103":1,"104":1,"105":0,"106":1,"107":0,"108":0,"109":0,"110":0,"111":1},"b":{"1":[0,2],"2":[0,0],"3":[2,16],"4":[2,0],"5":[7,9],"6":[0,7],"7":[0,0],"8":[0,7],"9":[0,0],"10":[1,10],"11":[0,0],"12":[0,1],"13":[0,6],"14":[6,0],"15":[0,1],"16":[0,0],"17":[0,1],"18":[0,0],"19":[1,0],"20":[0,0,0],"21":[8,0],"22":[2,6],"23":[2,6],"24":[4,4],"25":[0,1],"26":[1,0],"27":[0,1],"28":[0,0],"29":[1,0],"30":[0,0],"31":[0,1],"32":[0,1],"33":[0,0],"34":[0,0]},"f":{"1":1,"2":2,"3":18,"4":7,"5":11,"6":1,"7":1,"8":1,"9":0,"10":0,"11":0,"12":0,"13":8,"14":1,"15":1,"16":1,"17":0},"fnMap":{"1":{"name":"(anonymous_1)","line":10,"loc":{"start":{"line":10,"column":1},"end":{"line":10,"column":12}}},"2":{"name":"(anonymous_2)","line":30,"loc":{"start":{"line":30,"column":19},"end":{"line":30,"column":51}}},"3":{"name":"(anonymous_3)","line":35,"loc":{"start":{"line":35,"column":14},"end":{"line":35,"column":26}}},"4":{"name":"(anonymous_4)","line":40,"loc":{"start":{"line":40,"column":62},"end":{"line":40,"column":76}}},"5":{"name":"(anonymous_5)","line":67,"loc":{"start":{"line":67,"column":21},"end":{"line":67,"column":53}}},"6":{"name":"(anonymous_6)","line":82,"loc":{"start":{"line":82,"column":10},"end":{"line":82,"column":35}}},"7":{"name":"(anonymous_7)","line":98,"loc":{"start":{"line":98,"column":7},"end":{"line":98,"column":21}}},"8":{"name":"(anonymous_8)","line":109,"loc":{"start":{"line":109,"column":9},"end":{"line":109,"column":23}}},"9":{"name":"(anonymous_9)","line":137,"loc":{"start":{"line":137,"column":19},"end":{"line":137,"column":30}}},"10":{"name":"(anonymous_10)","line":138,"loc":{"start":{"line":138,"column":59},"end":{"line":138,"column":74}}},"11":{"name":"(anonymous_11)","line":140,"loc":{"start":{"line":140,"column":11},"end":{"line":140,"column":26}}},"12":{"name":"(anonymous_12)","line":145,"loc":{"start":{"line":145,"column":22},"end":{"line":145,"column":37}}},"13":{"name":"(anonymous_13)","line":160,"loc":{"start":{"line":160,"column":20},"end":{"line":160,"column":47}}},"14":{"name":"(anonymous_14)","line":195,"loc":{"start":{"line":195,"column":14},"end":{"line":195,"column":43}}},"15":{"name":"(anonymous_15)","line":201,"loc":{"start":{"line":201,"column":41},"end":{"line":201,"column":55}}},"16":{"name":"(anonymous_16)","line":213,"loc":{"start":{"line":213,"column":15},"end":{"line":213,"column":40}}},"17":{"name":"(anonymous_17)","line":218,"loc":{"start":{"line":218,"column":29},"end":{"line":218,"column":43}}}},"statementMap":{"1":{"start":{"line":10,"column":0},"end":{"line":229,"column":14}},"2":{"start":{"line":11,"column":2},"end":{"line":12,"column":32}},"3":{"start":{"line":14,"column":2},"end":{"line":14,"column":21}},"4":{"start":{"line":16,"column":2},"end":{"line":16,"column":35}},"5":{"start":{"line":18,"column":2},"end":{"line":18,"column":25}},"6":{"start":{"line":30,"column":2},"end":{"line":59,"column":4}},"7":{"start":{"line":31,"column":4},"end":{"line":31,"column":16}},"8":{"start":{"line":32,"column":4},"end":{"line":34,"column":5}},"9":{"start":{"line":33,"column":6},"end":{"line":33,"column":66}},"10":{"start":{"line":35,"column":4},"end":{"line":57,"column":6}},"11":{"start":{"line":36,"column":6},"end":{"line":38,"column":7}},"12":{"start":{"line":37,"column":8},"end":{"line":37,"column":68}},"13":{"start":{"line":39,"column":6},"end":{"line":56,"column":7}},"14":{"start":{"line":40,"column":8},"end":{"line":53,"column":11}},"15":{"start":{"line":41,"column":10},"end":{"line":48,"column":11}},"16":{"start":{"line":42,"column":12},"end":{"line":42,"column":76}},"17":{"start":{"line":43,"column":12},"end":{"line":47,"column":13}},"18":{"start":{"line":44,"column":14},"end":{"line":44,"column":40}},"19":{"start":{"line":46,"column":14},"end":{"line":46,"column":34}},"20":{"start":{"line":49,"column":10},"end":{"line":51,"column":11}},"21":{"start":{"line":50,"column":12},"end":{"line":50,"column":75}},"22":{"start":{"line":52,"column":10},"end":{"line":52,"column":32}},"23":{"start":{"line":55,"column":8},"end":{"line":55,"column":30}},"24":{"start":{"line":58,"column":4},"end":{"line":58,"column":22}},"25":{"start":{"line":67,"column":2},"end":{"line":80,"column":4}},"26":{"start":{"line":68,"column":4},"end":{"line":68,"column":12}},"27":{"start":{"line":69,"column":4},"end":{"line":79,"column":5}},"28":{"start":{"line":70,"column":6},"end":{"line":70,"column":35}},"29":{"start":{"line":72,"column":6},"end":{"line":77,"column":7}},"30":{"start":{"line":73,"column":8},"end":{"line":73,"column":20}},"31":{"start":{"line":75,"column":8},"end":{"line":75,"column":20}},"32":{"start":{"line":76,"column":8},"end":{"line":76,"column":71}},"33":{"start":{"line":78,"column":6},"end":{"line":78,"column":24}},"34":{"start":{"line":82,"column":2},"end":{"line":116,"column":4}},"35":{"start":{"line":83,"column":4},"end":{"line":83,"column":24}},"36":{"start":{"line":84,"column":4},"end":{"line":86,"column":5}},"37":{"start":{"line":85,"column":6},"end":{"line":85,"column":22}},"38":{"start":{"line":87,"column":4},"end":{"line":87,"column":24}},"39":{"start":{"line":88,"column":4},"end":{"line":94,"column":5}},"40":{"start":{"line":89,"column":6},"end":{"line":89,"column":44}},"41":{"start":{"line":89,"column":35},"end":{"line":89,"column":44}},"42":{"start":{"line":90,"column":6},"end":{"line":90,"column":23}},"43":{"start":{"line":91,"column":6},"end":{"line":93,"column":7}},"44":{"start":{"line":92,"column":8},"end":{"line":92,"column":26}},"45":{"start":{"line":95,"column":4},"end":{"line":115,"column":7}},"46":{"start":{"line":99,"column":6},"end":{"line":99,"column":15}},"47":{"start":{"line":100,"column":6},"end":{"line":102,"column":7}},"48":{"start":{"line":101,"column":8},"end":{"line":101,"column":71}},"49":{"start":{"line":103,"column":6},"end":{"line":103,"column":35}},"50":{"start":{"line":104,"column":6},"end":{"line":104,"column":23}},"51":{"start":{"line":105,"column":6},"end":{"line":114,"column":9}},"52":{"start":{"line":110,"column":8},"end":{"line":112,"column":9}},"53":{"start":{"line":111,"column":10},"end":{"line":111,"column":73}},"54":{"start":{"line":113,"column":8},"end":{"line":113,"column":77}},"55":{"start":{"line":118,"column":2},"end":{"line":118,"column":17}},"56":{"start":{"line":120,"column":2},"end":{"line":120,"column":34}},"57":{"start":{"line":122,"column":2},"end":{"line":125,"column":4}},"58":{"start":{"line":127,"column":2},"end":{"line":127,"column":22}},"59":{"start":{"line":129,"column":2},"end":{"line":129,"column":30}},"60":{"start":{"line":131,"column":2},"end":{"line":131,"column":20}},"61":{"start":{"line":133,"column":2},"end":{"line":133,"column":36}},"62":{"start":{"line":135,"column":2},"end":{"line":135,"column":30}},"63":{"start":{"line":137,"column":2},"end":{"line":143,"column":4}},"64":{"start":{"line":138,"column":4},"end":{"line":142,"column":7}},"65":{"start":{"line":139,"column":6},"end":{"line":139,"column":37}},"66":{"start":{"line":141,"column":6},"end":{"line":141,"column":52}},"67":{"start":{"line":145,"column":2},"end":{"line":158,"column":4}},"68":{"start":{"line":146,"column":4},"end":{"line":157,"column":5}},"69":{"start":{"line":148,"column":8},"end":{"line":150,"column":11}},"70":{"start":{"line":152,"column":8},"end":{"line":154,"column":11}},"71":{"start":{"line":156,"column":8},"end":{"line":156,"column":79}},"72":{"start":{"line":160,"column":2},"end":{"line":191,"column":4}},"73":{"start":{"line":161,"column":4},"end":{"line":161,"column":24}},"74":{"start":{"line":162,"column":4},"end":{"line":182,"column":5}},"75":{"start":{"line":163,"column":6},"end":{"line":163,"column":20}},"76":{"start":{"line":164,"column":6},"end":{"line":175,"column":7}},"77":{"start":{"line":165,"column":8},"end":{"line":165,"column":46}},"78":{"start":{"line":167,"column":8},"end":{"line":167,"column":18}},"79":{"start":{"line":168,"column":8},"end":{"line":174,"column":9}},"80":{"start":{"line":169,"column":10},"end":{"line":169,"column":80}},"81":{"start":{"line":170,"column":10},"end":{"line":170,"column":52}},"82":{"start":{"line":172,"column":10},"end":{"line":172,"column":20}},"83":{"start":{"line":173,"column":10},"end":{"line":173,"column":78}},"84":{"start":{"line":176,"column":6},"end":{"line":178,"column":7}},"85":{"start":{"line":177,"column":8},"end":{"line":177,"column":27}},"86":{"start":{"line":179,"column":6},"end":{"line":181,"column":7}},"87":{"start":{"line":180,"column":8},"end":{"line":180,"column":46}},"88":{"start":{"line":183,"column":4},"end":{"line":183,"column":30}},"89":{"start":{"line":184,"column":4},"end":{"line":190,"column":5}},"90":{"start":{"line":185,"column":6},"end":{"line":187,"column":19}},"91":{"start":{"line":189,"column":6},"end":{"line":189,"column":24}},"92":{"start":{"line":193,"column":2},"end":{"line":193,"column":22}},"93":{"start":{"line":195,"column":2},"end":{"line":211,"column":4}},"94":{"start":{"line":196,"column":4},"end":{"line":198,"column":5}},"95":{"start":{"line":197,"column":6},"end":{"line":197,"column":22}},"96":{"start":{"line":199,"column":4},"end":{"line":199,"column":23}},"97":{"start":{"line":200,"column":4},"end":{"line":210,"column":5}},"98":{"start":{"line":201,"column":6},"end":{"line":207,"column":9}},"99":{"start":{"line":202,"column":8},"end":{"line":206,"column":9}},"100":{"start":{"line":203,"column":10},"end":{"line":203,"column":89}},"101":{"start":{"line":205,"column":10},"end":{"line":205,"column":70}},"102":{"start":{"line":209,"column":6},"end":{"line":209,"column":66}},"103":{"start":{"line":213,"column":2},"end":{"line":227,"column":4}},"104":{"start":{"line":214,"column":4},"end":{"line":216,"column":5}},"105":{"start":{"line":215,"column":6},"end":{"line":215,"column":16}},"106":{"start":{"line":217,"column":4},"end":{"line":226,"column":5}},"107":{"start":{"line":218,"column":6},"end":{"line":223,"column":9}},"108":{"start":{"line":219,"column":8},"end":{"line":221,"column":9}},"109":{"start":{"line":220,"column":10},"end":{"line":220,"column":73}},"110":{"start":{"line":222,"column":8},"end":{"line":222,"column":37}},"111":{"start":{"line":225,"column":6},"end":{"line":225,"column":35}}},"branchMap":{"1":{"line":32,"type":"if","locations":[{"start":{"line":32,"column":4},"end":{"line":32,"column":4}},{"start":{"line":32,"column":4},"end":{"line":32,"column":4}}]},"2":{"line":33,"type":"cond-expr","locations":[{"start":{"line":33,"column":46},"end":{"line":33,"column":56}},{"start":{"line":33,"column":59},"end":{"line":33,"column":65}}]},"3":{"line":36,"type":"if","locations":[{"start":{"line":36,"column":6},"end":{"line":36,"column":6}},{"start":{"line":36,"column":6},"end":{"line":36,"column":6}}]},"4":{"line":37,"type":"cond-expr","locations":[{"start":{"line":37,"column":48},"end":{"line":37,"column":58}},{"start":{"line":37,"column":61},"end":{"line":37,"column":67}}]},"5":{"line":39,"type":"if","locations":[{"start":{"line":39,"column":6},"end":{"line":39,"column":6}},{"start":{"line":39,"column":6},"end":{"line":39,"column":6}}]},"6":{"line":41,"type":"if","locations":[{"start":{"line":41,"column":10},"end":{"line":41,"column":10}},{"start":{"line":41,"column":10},"end":{"line":41,"column":10}}]},"7":{"line":43,"type":"if","locations":[{"start":{"line":43,"column":12},"end":{"line":43,"column":12}},{"start":{"line":43,"column":12},"end":{"line":43,"column":12}}]},"8":{"line":49,"type":"if","locations":[{"start":{"line":49,"column":10},"end":{"line":49,"column":10}},{"start":{"line":49,"column":10},"end":{"line":49,"column":10}}]},"9":{"line":50,"type":"cond-expr","locations":[{"start":{"line":50,"column":52},"end":{"line":50,"column":65}},{"start":{"line":50,"column":68},"end":{"line":50,"column":74}}]},"10":{"line":69,"type":"if","locations":[{"start":{"line":69,"column":4},"end":{"line":69,"column":4}},{"start":{"line":69,"column":4},"end":{"line":69,"column":4}}]},"11":{"line":76,"type":"cond-expr","locations":[{"start":{"line":76,"column":48},"end":{"line":76,"column":61}},{"start":{"line":76,"column":64},"end":{"line":76,"column":70}}]},"12":{"line":84,"type":"if","locations":[{"start":{"line":84,"column":4},"end":{"line":84,"column":4}},{"start":{"line":84,"column":4},"end":{"line":84,"column":4}}]},"13":{"line":89,"type":"if","locations":[{"start":{"line":89,"column":6},"end":{"line":89,"column":6}},{"start":{"line":89,"column":6},"end":{"line":89,"column":6}}]},"14":{"line":91,"type":"if","locations":[{"start":{"line":91,"column":6},"end":{"line":91,"column":6}},{"start":{"line":91,"column":6},"end":{"line":91,"column":6}}]},"15":{"line":100,"type":"if","locations":[{"start":{"line":100,"column":6},"end":{"line":100,"column":6}},{"start":{"line":100,"column":6},"end":{"line":100,"column":6}}]},"16":{"line":101,"type":"cond-expr","locations":[{"start":{"line":101,"column":48},"end":{"line":101,"column":61}},{"start":{"line":101,"column":64},"end":{"line":101,"column":70}}]},"17":{"line":110,"type":"if","locations":[{"start":{"line":110,"column":8},"end":{"line":110,"column":8}},{"start":{"line":110,"column":8},"end":{"line":110,"column":8}}]},"18":{"line":111,"type":"cond-expr","locations":[{"start":{"line":111,"column":50},"end":{"line":111,"column":63}},{"start":{"line":111,"column":66},"end":{"line":111,"column":72}}]},"19":{"line":113,"type":"cond-expr","locations":[{"start":{"line":113,"column":48},"end":{"line":113,"column":67}},{"start":{"line":113,"column":70},"end":{"line":113,"column":76}}]},"20":{"line":146,"type":"switch","locations":[{"start":{"line":147,"column":6},"end":{"line":150,"column":11}},{"start":{"line":151,"column":6},"end":{"line":154,"column":11}},{"start":{"line":155,"column":6},"end":{"line":156,"column":79}}]},"21":{"line":162,"type":"if","locations":[{"start":{"line":162,"column":4},"end":{"line":162,"column":4}},{"start":{"line":162,"column":4},"end":{"line":162,"column":4}}]},"22":{"line":176,"type":"if","locations":[{"start":{"line":176,"column":6},"end":{"line":176,"column":6}},{"start":{"line":176,"column":6},"end":{"line":176,"column":6}}]},"23":{"line":179,"type":"if","locations":[{"start":{"line":179,"column":6},"end":{"line":179,"column":6}},{"start":{"line":179,"column":6},"end":{"line":179,"column":6}}]},"24":{"line":184,"type":"if","locations":[{"start":{"line":184,"column":4},"end":{"line":184,"column":4}},{"start":{"line":184,"column":4},"end":{"line":184,"column":4}}]},"25":{"line":196,"type":"if","locations":[{"start":{"line":196,"column":4},"end":{"line":196,"column":4}},{"start":{"line":196,"column":4},"end":{"line":196,"column":4}}]},"26":{"line":200,"type":"if","locations":[{"start":{"line":200,"column":4},"end":{"line":200,"column":4}},{"start":{"line":200,"column":4},"end":{"line":200,"column":4}}]},"27":{"line":202,"type":"if","locations":[{"start":{"line":202,"column":8},"end":{"line":202,"column":8}},{"start":{"line":202,"column":8},"end":{"line":202,"column":8}}]},"28":{"line":203,"type":"cond-expr","locations":[{"start":{"line":203,"column":50},"end":{"line":203,"column":79}},{"start":{"line":203,"column":82},"end":{"line":203,"column":88}}]},"29":{"line":205,"type":"cond-expr","locations":[{"start":{"line":205,"column":50},"end":{"line":205,"column":60}},{"start":{"line":205,"column":63},"end":{"line":205,"column":69}}]},"30":{"line":209,"type":"cond-expr","locations":[{"start":{"line":209,"column":46},"end":{"line":209,"column":56}},{"start":{"line":209,"column":59},"end":{"line":209,"column":65}}]},"31":{"line":214,"type":"if","locations":[{"start":{"line":214,"column":4},"end":{"line":214,"column":4}},{"start":{"line":214,"column":4},"end":{"line":214,"column":4}}]},"32":{"line":217,"type":"if","locations":[{"start":{"line":217,"column":4},"end":{"line":217,"column":4}},{"start":{"line":217,"column":4},"end":{"line":217,"column":4}}]},"33":{"line":219,"type":"if","locations":[{"start":{"line":219,"column":8},"end":{"line":219,"column":8}},{"start":{"line":219,"column":8},"end":{"line":219,"column":8}}]},"34":{"line":220,"type":"cond-expr","locations":[{"start":{"line":220,"column":50},"end":{"line":220,"column":63}},{"start":{"line":220,"column":66},"end":{"line":220,"column":72}}]}},"code":["// Generated by CoffeeScript 1.11.1","","/*","Node Enhanced Interactive Interpreter","=====================================","Provides a simple to use, extensible, embeddable interpreter for","your apps."," */","","(function() {","  var callPluginMethod, fs, initialized, nesh, neshInfo, path, processPlugins, start,","    hasProp = {}.hasOwnProperty;","","  fs = require('fs');","","  neshInfo = require('../package');","","  path = require('path');","","","  /*","  Process a method call on all loaded plugins. This calls the requested","  method on each plugin in the order they were added, skipping plugins","  which do not have the method defined. If the method is defined and it","  takes two parameters (arg, next) then it is assumed to be async and","  treated as such, otherwise treated as a sync call. Callback is","  passed an error if one occurs during processing.","   */","","  processPlugins = function(method, arg, callback) {","    var process;","    if (!nesh.plugins.length) {","      return typeof callback === \"function\" ? callback() : void 0;","    }","    process = function(i) {","      if (i >= nesh.plugins.length) {","        return typeof callback === \"function\" ? callback() : void 0;","      }","      if (nesh.plugins[i][method] != null) {","        return callPluginMethod(nesh.plugins[i][method], arg, function(err) {","          if (err) {","            nesh.log.error(\"Error in plugin \" + nesh.plugins[i].name + \":\");","            if (err.stack) {","              nesh.log.error(err.stack);","            } else {","              nesh.log.error(err);","            }","          }","          if (err) {","            return typeof callback === \"function\" ? callback(err) : void 0;","          }","          return process(i + 1);","        });","      } else {","        return process(i + 1);","      }","    };","    return process(0);","  };","","","  /*","  Call the possibly async method. callback gets passed an error","  object if an error occurs.","   */","","  callPluginMethod = function(method, arg, callback) {","    var err;","    if (method.length === 2) {","      return method(arg, callback);","    } else {","      try {","        method(arg);","      } catch (error) {","        err = error;","        return typeof callback === \"function\" ? callback(err) : void 0;","      }","      return callback();","    }","  };","","  start = function(opts, callback) {","    var key, ref, value;","    if (typeof opts === 'function') {","      callback = opts;","    }","    ref = nesh.defaults;","    for (key in ref) {","      if (!hasProp.call(ref, key)) continue;","      value = ref[key];","      if (opts[key] == null) {","        opts[key] = value;","      }","    }","    return processPlugins('preStart', {","      nesh: nesh,","      options: opts","    }, function(err) {","      var repl;","      if (err) {","        return typeof callback === \"function\" ? callback(err) : void 0;","      }","      repl = nesh.repl.start(opts);","      repl.opts = opts;","      return processPlugins('postStart', {","        nesh: nesh,","        options: opts,","        repl: repl","      }, function(err) {","        if (err) {","          return typeof callback === \"function\" ? callback(err) : void 0;","        }","        return typeof callback === \"function\" ? callback(err, repl) : void 0;","      });","    });","  };","","  nesh = exports;","","  nesh.version = neshInfo.version;","","  nesh.defaults = {","    useGlobal: true,","    prompt: 'nesh> '","  };","","  nesh.compile = null;","","  nesh.repl = require('repl');","","  nesh.plugins = [];","","  nesh.config = require('./config');","","  nesh.log = require('./log');","","  nesh.languages = function() {","    return fs.readdirSync(__dirname + \"/languages\").filter(function(item) {","      return item.slice(-2) === 'js';","    }).map(function(item) {","      return item.split('.').slice(0, -1).join('.');","    });","  };","","  nesh.loadLanguage = function(data) {","    switch (typeof data) {","      case 'function':","        return data({","          nesh: nesh","        });","      case 'string':","        return require(\"./languages/\" + data).setup({","          nesh: nesh","        });","      default:","        throw new Error(\"Data must be a function or string! Received \" + data);","    }","  };","","  nesh.loadPlugin = function(plugin, callback) {","    var e, name, prefix;","    if (typeof plugin === 'string') {","      name = plugin;","      try {","        plugin = require(\"./plugins/\" + name);","      } catch (error) {","        e = error;","        try {","          prefix = path.join(nesh.config.home, '.nesh_modules', 'node_modules');","          plugin = require(path.join(prefix, name));","        } catch (error) {","          e = error;","          return callback(\"Could not find plugin '\" + name + \"': \" + e + \"!\");","        }","      }","      if (plugin.name == null) {","        plugin.name = name;","      }","      if (plugin.description == null) {","        plugin.description = 'No description';","      }","    }","    nesh.plugins.push(plugin);","    if (plugin.setup) {","      return callPluginMethod(plugin.setup, {","        nesh: nesh","      }, callback);","    } else {","      return callback();","    }","  };","","  initialized = false;","","  nesh.init = function(autoload, callback) {","    if (autoload == null) {","      autoload = true;","    }","    initialized = true;","    if (autoload) {","      return nesh.loadPlugin('autoload', function(err) {","        if (err) {","          return typeof callback === \"function\" ? callback(\"[autoload] \" + err) : void 0;","        } else {","          return typeof callback === \"function\" ? callback() : void 0;","        }","      });","    } else {","      return typeof callback === \"function\" ? callback() : void 0;","    }","  };","","  nesh.start = function(opts, callback) {","    if (opts == null) {","      opts = {};","    }","    if (!initialized) {","      return nesh.init(true, function(err) {","        if (err) {","          return typeof callback === \"function\" ? callback(err) : void 0;","        }","        return start(opts, callback);","      });","    } else {","      return start(opts, callback);","    }","  };","","}).call(this);","","//# sourceMappingURL=nesh.js.map",""],"l":{"10":1,"11":1,"14":1,"16":1,"18":1,"30":1,"31":2,"32":2,"33":0,"35":2,"36":18,"37":2,"39":16,"40":7,"41":7,"42":0,"43":0,"44":0,"46":0,"49":7,"50":0,"52":7,"55":9,"58":2,"67":1,"68":11,"69":11,"70":1,"72":10,"73":10,"75":0,"76":0,"78":10,"82":1,"83":1,"84":1,"85":0,"87":1,"88":1,"89":6,"90":6,"91":6,"92":6,"95":1,"99":1,"100":1,"101":0,"103":1,"104":1,"105":1,"110":1,"111":0,"113":1,"118":1,"120":1,"122":1,"127":1,"129":1,"131":1,"133":1,"135":1,"137":1,"138":0,"139":0,"141":0,"145":1,"146":0,"148":0,"152":0,"156":0,"160":1,"161":8,"162":8,"163":8,"164":8,"165":8,"167":0,"168":0,"169":0,"170":0,"172":0,"173":0,"176":8,"177":2,"179":8,"180":2,"183":8,"184":8,"185":4,"189":4,"193":1,"195":1,"196":1,"197":0,"199":1,"200":1,"201":1,"202":1,"203":0,"205":1,"209":0,"213":1,"214":1,"215":0,"217":1,"218":0,"219":0,"220":0,"222":0,"225":1}},"/home/travis/build/npmtest/node-npmtest-nesh/node_modules/nesh/lib/config.js":{"path":"/home/travis/build/npmtest/node-npmtest-nesh/node_modules/nesh/lib/config.js","s":{"1":1,"2":1,"3":1,"4":1,"5":1,"6":1,"7":1,"8":1,"9":1,"10":1,"11":0,"12":1,"13":1,"14":1,"15":1,"16":1,"17":0,"18":0,"19":0,"20":0,"21":0,"22":1,"23":1,"24":0,"25":0,"26":0,"27":1,"28":1},"b":{"1":[1,0],"2":[1,0],"3":[0,1],"4":[0,0]},"f":{"1":1,"2":0,"3":1,"4":0,"5":1},"fnMap":{"1":{"name":"(anonymous_1)","line":10,"loc":{"start":{"line":10,"column":1},"end":{"line":10,"column":12}}},"2":{"name":"(anonymous_2)","line":27,"loc":{"start":{"line":27,"column":17},"end":{"line":27,"column":28}}},"3":{"name":"(anonymous_3)","line":31,"loc":{"start":{"line":31,"column":16},"end":{"line":31,"column":31}}},"4":{"name":"(anonymous_4)","line":49,"loc":{"start":{"line":49,"column":16},"end":{"line":49,"column":31}}},"5":{"name":"(anonymous_5)","line":56,"loc":{"start":{"line":56,"column":15},"end":{"line":56,"column":26}}}},"statementMap":{"1":{"start":{"line":10,"column":0},"end":{"line":60,"column":14}},"2":{"start":{"line":11,"column":2},"end":{"line":11,"column":37}},"3":{"start":{"line":13,"column":2},"end":{"line":13,"column":21}},"4":{"start":{"line":15,"column":2},"end":{"line":15,"column":25}},"5":{"start":{"line":17,"column":2},"end":{"line":17,"column":25}},"6":{"start":{"line":19,"column":2},"end":{"line":19,"column":15}},"7":{"start":{"line":21,"column":2},"end":{"line":21,"column":19}},"8":{"start":{"line":23,"column":2},"end":{"line":23,"column":60}},"9":{"start":{"line":25,"column":2},"end":{"line":25,"column":60}},"10":{"start":{"line":27,"column":2},"end":{"line":29,"column":4}},"11":{"start":{"line":28,"column":4},"end":{"line":28,"column":24}},"12":{"start":{"line":31,"column":2},"end":{"line":47,"column":4}},"13":{"start":{"line":32,"column":4},"end":{"line":32,"column":10}},"14":{"start":{"line":33,"column":4},"end":{"line":35,"column":5}},"15":{"start":{"line":34,"column":6},"end":{"line":34,"column":25}},"16":{"start":{"line":36,"column":4},"end":{"line":46,"column":5}},"17":{"start":{"line":37,"column":6},"end":{"line":37,"column":47}},"18":{"start":{"line":38,"column":6},"end":{"line":43,"column":7}},"19":{"start":{"line":39,"column":8},"end":{"line":39,"column":39}},"20":{"start":{"line":41,"column":8},"end":{"line":41,"column":18}},"21":{"start":{"line":42,"column":8},"end":{"line":42,"column":66}},"22":{"start":{"line":45,"column":6},"end":{"line":45,"column":53}},"23":{"start":{"line":49,"column":2},"end":{"line":54,"column":4}},"24":{"start":{"line":50,"column":4},"end":{"line":52,"column":5}},"25":{"start":{"line":51,"column":6},"end":{"line":51,"column":25}},"26":{"start":{"line":53,"column":4},"end":{"line":53,"column":59}},"27":{"start":{"line":56,"column":2},"end":{"line":58,"column":4}},"28":{"start":{"line":57,"column":4},"end":{"line":57,"column":19}}},"branchMap":{"1":{"line":23,"type":"binary-expr","locations":[{"start":{"line":23,"column":16},"end":{"line":23,"column":32}},{"start":{"line":23,"column":36},"end":{"line":23,"column":59}}]},"2":{"line":33,"type":"if","locations":[{"start":{"line":33,"column":4},"end":{"line":33,"column":4}},{"start":{"line":33,"column":4},"end":{"line":33,"column":4}}]},"3":{"line":36,"type":"if","locations":[{"start":{"line":36,"column":4},"end":{"line":36,"column":4}},{"start":{"line":36,"column":4},"end":{"line":36,"column":4}}]},"4":{"line":50,"type":"if","locations":[{"start":{"line":50,"column":4},"end":{"line":50,"column":4}},{"start":{"line":50,"column":4},"end":{"line":50,"column":4}}]}},"code":["// Generated by CoffeeScript 1.11.1","","/*","Nesh Configuration. Implements a basic configuration system","which can load and save state via JSON. By default this data","is stored in ~/.nesh_config.json, but a custom path can be","passed to the load and save functions."," */","","(function() {","  var _config, config, fs, log, path;","","  fs = require('fs');","","  log = require('./log');","","  path = require('path');","","  _config = {};","","  config = exports;","","  config.home = process.env.HOME || process.env.USERPROFILE;","","  config.path = path.join(config.home, '.nesh_config.json');","","  config.reset = function() {","    return _config = {};","  };","","  config.load = function(path) {","    var e;","    if (path == null) {","      path = config.path;","    }","    if (fs.existsSync(path)) {","      log.debug(\"Loading config from \" + path);","      try {","        return _config = require(path);","      } catch (error) {","        e = error;","        throw \"Error loading Nesh config from \" + path + \": \" + e;","      }","    } else {","      return log.debug(\"No config found at \" + path);","    }","  };","","  config.save = function(path) {","    if (path == null) {","      path = config.path;","    }","    return fs.writeFileSync(path, JSON.stringify(_config));","  };","","  config.get = function() {","    return _config;","  };","","}).call(this);","","//# sourceMappingURL=config.js.map",""],"l":{"10":1,"11":1,"13":1,"15":1,"17":1,"19":1,"21":1,"23":1,"25":1,"27":1,"28":0,"31":1,"32":1,"33":1,"34":1,"36":1,"37":0,"38":0,"39":0,"41":0,"42":0,"45":1,"49":1,"50":0,"51":0,"53":0,"56":1,"57":1}},"/home/travis/build/npmtest/node-npmtest-nesh/node_modules/nesh/lib/log.js":{"path":"/home/travis/build/npmtest/node-npmtest-nesh/node_modules/nesh/lib/log.js","s":{"1":1,"2":1,"3":1,"4":1,"5":0,"6":0,"7":0,"8":0,"9":0,"10":0,"11":0,"12":9,"13":0,"14":9,"15":0,"16":0,"17":0,"18":0,"19":0,"20":0,"21":0,"22":0,"23":0,"24":0,"25":0,"26":0,"27":0,"28":0,"29":0},"b":{"1":[0,9],"2":[9,0],"3":[0,0],"4":[0,0],"5":[0,0],"6":[0,0]},"f":{"1":1,"2":0,"3":9,"4":9,"5":0,"6":0,"7":0,"8":0,"9":0,"10":0,"11":0},"fnMap":{"1":{"name":"(anonymous_1)","line":9,"loc":{"start":{"line":9,"column":1}
[...]
":8}}]},"9":{"line":47,"type":"if","locations":[{"start":{"line":47,"column":10},"end":{"line":47,"column":10}},{"start":{"line":47,"column":10},"end":{"line":47,"column":10}}]},"10":{"line":54,"type":"if","locations":[{"start":{"line":54,"column":10},"end":{"line":54,"column":10}},{"start":{"line":54,"column":10},"end":{"line":54,"column":10}}]},"11":{"line":60,"type":"if","locations":[{"start":{"line":60,"column":8},"end":{"line":60,"column":8}},{"start":{"line":60,"column":8},"end":{"line":60,"column":8}}]},"12":{"line":60,"type":"binary-expr","locations":[{"start":{"line":60,"column":13},"end":{"line":60,"column":32}},{"start":{"line":60,"column":37},"end":{"line":60,"column":60}}]},"13":{"line":67,"type":"if","locations":[{"start":{"line":67,"column":8},"end":{"line":67,"column":8}},{"start":{"line":67,"column":8},"end":{"line":67,"column":8}}]},"14":{"line":70,"type":"if","locations":[{"start":{"line":70,"column":8},"end":{"line":70,"column":8}},{"start":{"line":70,"column":8},"end":{"line":70,"column":8}}]},"15":{"line":70,"type":"binary-expr","locations":[{"start":{"line":70,"column":12},"end":{"line":70,"column":20}},{"start":{"line":70,"column":24},"end":{"line":70,"column":43}}]},"16":{"line":76,"type":"if","locations":[{"start":{"line":76,"column":8},"end":{"line":76,"column":8}},{"start":{"line":76,"column":8},"end":{"line":76,"column":8}}]},"17":{"line":76,"type":"binary-expr","locations":[{"start":{"line":76,"column":12},"end":{"line":76,"column":40}},{"start":{"line":76,"column":45},"end":{"line":76,"column":63}}]},"18":{"line":87,"type":"if","locations":[{"start":{"line":87,"column":10},"end":{"line":87,"column":10}},{"start":{"line":87,"column":10},"end":{"line":87,"column":10}}]},"19":{"line":92,"type":"if","locations":[{"start":{"line":92,"column":8},"end":{"line":92,"column":8}},{"start":{"line":92,"column":8},"end":{"line":92,"column":8}}]},"20":{"line":92,"type":"binary-expr","locations":[{"start":{"line":92,"column":13},"end":{"line":92,"column":28}},{"start":{"line":92,"column":33},"end":{"line":92,"column":51}}]},"21":{"line":96,"type":"if","locations":[{"start":{"line":96,"column":6},"end":{"line":96,"column":6}},{"start":{"line":96,"column":6},"end":{"line":96,"column":6}}]},"22":{"line":97,"type":"if","locations":[{"start":{"line":97,"column":8},"end":{"line":97,"column":8}},{"start":{"line":97,"column":8},"end":{"line":97,"column":8}}]},"23":{"line":98,"type":"if","locations":[{"start":{"line":98,"column":10},"end":{"line":98,"column":10}},{"start":{"line":98,"column":10},"end":{"line":98,"column":10}}]},"24":{"line":116,"type":"if","locations":[{"start":{"line":116,"column":6},"end":{"line":116,"column":6}},{"start":{"line":116,"column":6},"end":{"line":116,"column":6}}]},"25":{"line":116,"type":"binary-expr","locations":[{"start":{"line":116,"column":12},"end":{"line":116,"column":15}},{"start":{"line":116,"column":19},"end":{"line":116,"column":27}},{"start":{"line":116,"column":31},"end":{"line":116,"column":40}},{"start":{"line":116,"column":44},"end":{"line":116,"column":54}},{"start":{"line":116,"column":58},"end":{"line":116,"column":74}}]},"26":{"line":119,"type":"if","locations":[{"start":{"line":119,"column":6},"end":{"line":119,"column":6}},{"start":{"line":119,"column":6},"end":{"line":119,"column":6}}]},"27":{"line":130,"type":"if","locations":[{"start":{"line":130,"column":6},"end":{"line":130,"column":6}},{"start":{"line":130,"column":6},"end":{"line":130,"column":6}}]},"28":{"line":134,"type":"if","locations":[{"start":{"line":134,"column":8},"end":{"line":134,"column":8}},{"start":{"line":134,"column":8},"end":{"line":134,"column":8}}]},"29":{"line":137,"type":"if","locations":[{"start":{"line":137,"column":8},"end":{"line":137,"column":8}},{"start":{"line":137,"column":8},"end":{"line":137,"column":8}}]}},"code":["// Generated by CoffeeScript 1.11.1","(function() {","  var __doc__, colors, intdoc, lang, lastTokenPlus, vm,","    indexOf = [].indexOf || function(item) { for (var i = 0, l = this.length; i < l; i++) { if (i in this && this[i] === item) return i; } return -1; };","","  colors = require('colors');","","  intdoc = require('intdoc');","","  lang = require('lodash-node/modern/lang');","","  vm = require('vm');","","  __doc__ = \"Shows documentation for an expression; you can also type Ctrl-Q in-line\";","","  lastTokenPlus = function(input) {","    \"A crude cut at figuring out where the last thing you want to\\nevaluate in what you're typing is\\n\\nEx. If you are typing\\n  myVal = new somemodule.SomeClass\\n\\nYou probably just want help on `somemodule.SomeClass`\\n\";","    var c, i, t;","    t = \"\";","    for (i = input.length - 1; i >= 0; i += -1) {","      c = input[i];","      if (indexOf.call(\"0123456789abcdefghijklmnopqrstuvwxyzABCDEFGHIJKLMNOPQRSTUVWXYZ.[]'\\\"$_:\", c) < 0) {","        break;","      }","      t = c + t;","    }","    if (t[0] === \".\") {","      t = t.slice(1);","    }","    if (t.slice(-1) === \".\") {","      t = t.slice(0, -1);","    }","    return t;","  };","","  exports.postStart = function(context) {","    var document, originalEval, repl;","    repl = context.repl;","    document = function(expr, reportErrors, showCode) {","      var callbackParam, defibbed, doc, e, result, tyname, x;","      if (expr.trim().length === 0) {","        if (reportErrors) {","          repl.outputStream.write(colors.cyan(__doc__ + \"\\n\"));","        }","      } else {","        try {","          if (repl.useGlobal) {","            result = vm.runInThisContext(\"(\" + expr + \")\");","          } else {","            result = vm.runInContext(\"(\" + expr + \")\", repl.context);","          }","        } catch (error) {","          e = error;","          if (reportErrors) {","            repl.outputStream.write(colors.red(\"Bad input; can't document\\n\"));","          }","          repl.displayPrompt();","          return null;","        }","        if ((result.that != null) && lang.isFunction(result)) {","          result = result.that;","          defibbed = true;","        } else {","          defibbed = false;","        }","        doc = intdoc(result);","        if (defibbed) {","          callbackParam = doc.params.pop();","        }","        if (doc.name && doc.name.length > 0) {","          tyname = \"[\" + doc.type + \": \" + doc.name + \"]\";","        } else {","          tyname = \"[\" + doc.type + \"]\";","        }","        repl.outputStream.write(colors.cyan(tyname));","        if (typeof result === 'function' && (doc.params != null)) {","          repl.outputStream.write(colors.yellow(\" \" + doc.name + \"(\" + (((function() {","            var i, len, ref, results;","            ref = doc.params;","            results = [];","            for (i = 0, len = ref.length; i < len; i++) {","              x = ref[i];","              results.push(\"\" + x);","            }","            return results;","          })()).join(\", \")) + \")\"));","          if (defibbed) {","            repl.outputStream.write(colors.yellow(\" *\" + callbackParam + \" handled by fibrous\"));","          }","        }","        repl.outputStream.write(\"\\n\");","        if ((doc.doc != null) && doc.doc.length > 0) {","          repl.outputStream.write(doc.doc + \"\\n\");","        }","      }","      if (showCode) {","        if (doc) {","          if (doc.code != null) {","            repl.outputStream.write(colors.green(doc.code + \"\\n\"));","          } else {","            repl.outputStream.write(colors.green(result.toString() + \"\\n\"));","          }","        }","      }","      repl.displayPrompt();","      return doc;","    };","    repl.defineCommand('doc', {","      help: __doc__,","      action: function(expr) {","        return document(expr, true);","      }","    });","    repl.inputStream.on('keypress', function(char, key) {","      var leave, rli;","      if (!(key && key.ctrl && !key.meta && !key.shift && key.name === 'q')) {","        leave = true;","      }","      if (leave) {","        repl.__neshDoc__lastDoc = null;","        return;","      }","      rli = repl.rli;","      repl.__neshDoc__docRequested = true;","      return rli.write(\"\\n\");","    });","    originalEval = repl[\"eval\"];","    return repl[\"eval\"] = function(input, context, filename, callback) {","      var doc, showCode, toDoc;","      if (repl.__neshDoc__docRequested) {","        repl.__neshDoc__docRequested = false;","        input = input.slice(1, -2);","        toDoc = lastTokenPlus(input);","        if (toDoc !== input) {","          repl.outputStream.write(colors.yellow(toDoc + \"\\n\"));","        }","        if (repl.__neshDoc__lastDoc === toDoc) {","          showCode = true;","        } else {","          showCode = false;","        }","        doc = document(toDoc, false, showCode);","        repl.__neshDoc__lastDoc = toDoc;","        return repl.rli.write(input);","      } else {","        repl.__neshDoc__lastDoc = null;","        return originalEval(input, context, filename, callback);","      }","    };","  };","","}).call(this);","","//# sourceMappingURL=doc.js.map",""],"l":{"2":1,"3":1,"4":0,"6":1,"8":1,"10":1,"12":1,"14":1,"16":1,"17":0,"18":0,"19":0,"20":0,"21":0,"22":0,"23":0,"25":0,"27":0,"28":0,"30":0,"31":0,"33":0,"36":1,"37":1,"38":1,"39":1,"40":0,"41":0,"42":0,"43":0,"46":0,"47":0,"48":0,"50":0,"53":0,"54":0,"55":0,"57":0,"58":0,"60":0,"61":0,"62":0,"64":0,"66":0,"67":0,"68":0,"70":0,"71":0,"73":0,"75":0,"76":0,"77":0,"78":0,"79":0,"80":0,"81":0,"82":0,"83":0,"85":0,"87":0,"88":0,"91":0,"92":0,"93":0,"96":0,"97":0,"98":0,"99":0,"101":0,"105":0,"106":0,"108":1,"111":0,"114":1,"115":0,"116":0,"117":0,"119":0,"120":0,"121":0,"123":0,"124":0,"125":0,"127":1,"128":1,"129":0,"130":0,"131":0,"132":0,"133":0,"134":0,"135":0,"137":0,"138":0,"140":0,"142":0,"143":0,"144":0,"146":0,"147":0}},"/home/travis/build/npmtest/node-npmtest-nesh/node_modules/nesh/lib/languages/babel.js":{"path":"/home/travis/build/npmtest/node-npmtest-nesh/node_modules/nesh/lib/languages/babel.js","s":{"1":1,"2":1,"3":1,"4":1,"5":1,"6":1,"7":1,"8":1,"9":0,"10":0,"11":0,"12":0,"13":0,"14":0,"15":0,"16":0,"17":0,"18":0,"19":0,"20":0,"21":0,"22":0,"23":0,"24":0,"25":0,"26":0,"27":0,"28":0,"29":0,"30":0,"31":0,"32":0,"33":0,"34":0,"35":0,"36":0},"b":{"1":[0,0],"2":[0,0],"3":[0,0]},"f":{"1":1,"2":0,"3":0,"4":0,"5":0},"fnMap":{"1":{"name":"(anonymous_1)","line":7,"loc":{"start":{"line":7,"column":1},"end":{"line":7,"column":12}}},"2":{"name":"(anonymous_2)","line":20,"loc":{"start":{"line":20,"column":18},"end":{"line":20,"column":32}}},"3":{"name":"(anonymous_3)","line":25,"loc":{"start":{"line":25,"column":19},"end":{"line":25,"column":34}}},"4":{"name":"(anonymous_4)","line":29,"loc":{"start":{"line":29,"column":13},"end":{"line":29,"column":28}}},"5":{"name":"(anonymous_5)","line":31,"loc":{"start":{"line":31,"column":23},"end":{"line":31,"column":67}}}},"statementMap":{"1":{"start":{"line":7,"column":0},"end":{"line":64,"column":14}},"2":{"start":{"line":8,"column":2},"end":{"line":8,"column":27}},"3":{"start":{"line":10,"column":2},"end":{"line":10,"column":20}},"4":{"start":{"line":12,"column":2},"end":{"line":12,"column":32}},"5":{"start":{"line":14,"column":2},"end":{"line":14,"column":26}},"6":{"start":{"line":16,"column":2},"end":{"line":16,"column":25}},"7":{"start":{"line":18,"column":2},"end":{"line":18,"column":21}},"8":{"start":{"line":20,"column":2},"end":{"line":62,"column":4}},"9":{"start":{"line":21,"column":4},"end":{"line":21,"column":13}},"10":{"start":{"line":22,"column":4},"end":{"line":22,"column":20}},"11":{"start":{"line":23,"column":4},"end":{"line":23,"column":31}},"12":{"start":{"line":24,"column":4},"end":{"line":24,"column":35}},"13":{"start":{"line":25,"column":4},"end":{"line":27,"column":6}},"14":{"start":{"line":26,"column":6},"end":{"line":26,"column":35}},"15":{"start":{"line":28,"column":4},"end":{"line":56,"column":6}},"16":{"start":{"line":30,"column":8},"end":{"line":30,"column":17}},"17":{"start":{"line":31,"column":8},"end":{"line":53,"column":10}},"18":{"start":{"line":32,"column":10},"end":{"line":32,"column":37}},"19":{"start":{"line":33,"column":10},"end":{"line":35,"column":11}},"20":{"start":{"line":34,"column":12},"end":{"line":34,"column":37}},"21":{"start":{"line":36,"column":10},"end":{"line":36,"column":21}},"22":{"start":{"line":37,"column":10},"end":{"line":37,"column":24}},"23":{"start":{"line":38,"column":10},"end":{"line":48,"column":11}},"24":{"start":{"line":39,"column":12},"end":{"line":41,"column":15}},"25":{"start":{"line":42,"column":12},"end":{"line":44,"column":15}},"26":{"start":{"line":46,"column":12},"end":{"line":46,"column":22}},"27":{"start":{"line":47,"column":12},"end":{"line":47,"column":20}},"28":{"start":{"line":49,"column":10},"end":{"line":51,"column":11}},"29":{"start":{"line":50,"column":12},"end":{"line":50,"column":28}},"30":{"start":{"line":52,"column":10},"end":{"line":52,"column":39}},"31":{"start":{"line":54,"column":8},"end":{"line":54,"column":50}},"32":{"start":{"line":57,"column":4},"end":{"line":57,"column":46}},"33":{"start":{"line":58,"column":4},"end":{"line":58,"column":140}},"34":{"start":{"line":59,"column":4},"end":{"line":59,"column":37}},"35":{"start":{"line":60,"column":4},"end":{"line":60,"column":35}},"36":{"start":{"line":61,"column":4},"end":{"line":61,"column":85}}},"branchMap":{"1":{"line":33,"type":"if","locations":[{"start":{"line":33,"column":10},"end":{"line":33,"column":10}},{"start":{"line":33,"column":10},"end":{"line":33,"column":10}}]},"2":{"line":33,"type":"binary-expr","locations":[{"start":{"line":33,"column":14},"end":{"line":33,"column":29}},{"start":{"line":33,"column":33},"end":{"line":33,"column":62}}]},"3":{"line":49,"type":"if","locations":[{"start":{"line":49,"column":10},"end":{"line":49,"column":10}},{"start":{"line":49,"column":10},"end":{"line":49,"column":10}}]}},"code":["// Generated by CoffeeScript 1.11.1","","/*","ES6/7 language component for Nesh, the Node.js enhanced shell."," */","","(function() {","  var babel, log, path, vm;","","  require('colors');","","  babel = require('babel-core');","","  log = require('../log');","","  path = require('path');","","  vm = require('vm');","","  exports.setup = function(arg) {","    var nesh;","    nesh = arg.nesh;","    log.debug('Loading Babel');","    require('babel-core/register');","    nesh.compile = function(data) {","      return babel.transform(data);","    };","    nesh.repl = {","      start: function(opts) {","        var repl;","        opts[\"eval\"] = function(code, context, filename, callback) {","          var e, err, output, result;","          if (code[0] === '(' && code[code.length - 1] === ')') {","            code = code.slice(1, -1);","          }","          err = null;","          output = null;","          try {","            result = babel.transform(code, {","              stage: 0","            });","            output = vm.runInThisContext(result.code, {","              filename: filename","            });","          } catch (error) {","            e = error;","            err = e;","          }","          if (output === 'use strict') {","            output = void 0;","          }","          return callback(err, output);","        };","        return repl = require('repl').start(opts);","      }","    };","    process.versions['babel'] = babel.version;","    nesh.defaults.welcome = (\"Babel \" + babel.version + \" on Node \" + process.version + \"\\nType \") + '.help'.cyan + ' for more information';","    nesh.defaults.prompt = 'babel> ';","    nesh.defaults.useGlobal = true;","    return nesh.defaults.historyFile = path.join(nesh.config.home, '.babel_history');","  };","","}).call(this);","","//# sourceMappingURL=babel.js.map",""],"l":{"7":1,"8":1,"10":1,"12":1,"14":1,"16":1,"18":1,"20":1,"21":0,"22":0,"23":0,"24":0,"25":0,"26":0,"28":0,"30":0,"31":0,"32":0,"33":0,"34":0,"36":0,"37":0,"38":0,"39":0,"42":0,"46":0,"47":0,"49":0,"50":0,"52":0,"54":0,"57":0,"58":0,"59":0,"60":0,"61":0}},"/home/travis/build/npmtest/node-npmtest-nesh/node_modules/nesh/lib/languages/coffee.js":{"path":"/home/travis/build/npmtest/node-npmtest-nesh/node_modules/nesh/lib/languages/coffee.js","s":{"1":1,"2":1,"3":1,"4":1,"5":1,"6":1,"7":1,"8":1,"9":0,"10":0,"11":0,"12":0,"13":0,"14":0,"15":0,"16":0,"17":0,"18":0,"19":0,"20":0,"21":0,"22":0},"b":{"1":[0,0]},"f":{"1":1,"2":0,"3":0},"fnMap":{"1":{"name":"(anonymous_1)","line":7,"loc":{"start":{"line":7,"column":1},"end":{"line":7,"column":12}}},"2":{"name":"(anonymous_2)","line":20,"loc":{"start":{"line":20,"column":18},"end":{"line":20,"column":36}}},"3":{"name":"(anonymous_3)","line":24,"loc":{"start":{"line":24,"column":19},"end":{"line":24,"column":34}}}},"statementMap":{"1":{"start":{"line":7,"column":0},"end":{"line":42,"column":14}},"2":{"start":{"line":8,"column":2},"end":{"line":8,"column":32}},"3":{"start":{"line":10,"column":2},"end":{"line":10,"column":20}},"4":{"start":{"line":12,"column":2},"end":{"line":12,"column":36}},"5":{"start":{"line":14,"column":2},"end":{"line":14,"column":26}},"6":{"start":{"line":16,"column":2},"end":{"line":16,"column":25}},"7":{"start":{"line":18,"column":2},"end":{"line":18,"column":29}},"8":{"start":{"line":20,"column":2},"end":{"line":40,"column":4}},"9":{"start":{"line":21,"column":4},"end":{"line":21,"column":13}},"10":{"start":{"line":22,"column":4},"end":{"line":22,"column":24}},"11":{"start":{"line":23,"column":4},"end":{"line":23,"column":38}},"12":{"start":{"line":24,"column":4},"end":{"line":29,"column":6}},"13":{"start":{"line":25,"column":6},"end":{"line":28,"column":9}},"14":{"start":{"line":30,"column":4},"end":{"line":30,"column":64}},"15":{"start":{"line":31,"column":4},"end":{"line":31,"column":55}},"16":{"start":{"line":32,"column":4},"end":{"line":32,"column":148}},"17":{"start":{"line":33,"column":4},"end":{"line":33,"column":38}},"18":{"start":{"line":34,"column":4},"end":{"line":34,"column":74}},"19":{"start":{"line":35,"column":4},"end":{"line":38,"column":5}},"20":{"start":{"line":36,"column":6},"end":{"line":36,"column":82}},"21":{"start":{"line":37,"column":6},"end":{"line":37,"column":81}},"22":{"start":{"line":39,"column":4},"end":{"line":39,"column":86}}},"branchMap":{"1":{"line":35,"type":"if","locations":[{"start":{"line":35,"column":4},"end":{"line":35,"column":4}},{"start":{"line":35,"column":4},"end":{"line":35,"column":4}}]}},"code":["// Generated by CoffeeScript 1.11.1","","/*","CoffeeScript language component for Nesh, the Node.js enhanced shell."," */","","(function() {","  var coffee, log, path, semver;","","  require('colors');","","  coffee = require('coffee-script');","","  log = require('../log');","","  path = require('path');","","  semver = require('semver');","","  exports.setup = function(context) {","    var nesh;","    nesh = context.nesh;","    log.debug('Loading CoffeeScript');","    nesh.compile = function(data) {","      return coffee.compile(data, {","        bare: true,","        header: false","      });","    };","    nesh.repl = require('coffee-script/lib/coffee-script/repl');","    process.versions['coffee-script'] = coffee.VERSION;","    nesh.defaults.welcome = (\"CoffeeScript \" + coffee.VERSION + \" on Node \" + process.version + \"\\nType \") + '.help'.cyan + ' for more information';","    nesh.defaults.prompt = 'coffee> ';","    nesh.defaults.useGlobal = semver.satisfies(coffee.VERSION, \"> 1.6.3\");","    if (!nesh.defaults.useGlobal) {","      log.warn('Warning: inherited global context requires CoffeeScript > 1.6.3');","      log.warn('         packages that modify built-in prototypes may not work');","    }","    return nesh.defaults.historyFile = path.join(nesh.config.home, '.coffee_history');","  };","","}).call(this);","","//# sourceMappingURL=coffee.js.map",""],"l":{"7":1,"8":1,"10":1,"12":1,"14":1,"16":1,"18":1,"20":1,"21":0,"22":0,"23":0,"24":0,"25":0,"30":0,"31":0,"32":0,"33":0,"34":0,"35":0,"36":0,"37":0,"39":0}}}